16:06:14.027 [restartedMain] INFO  c.t.o.OrderApplication - [logStarting,50] - Starting OrderApplication on 8EL23LLFZAW1R87 with PID 8728 (E:\develop\idea_workspace\order\target\classes started by Administrator in E:\develop\idea_workspace\order)
16:06:14.042 [restartedMain] INFO  c.t.o.OrderApplication - [logStartupProfileInfo,675] - No active profile set, falling back to default profiles: default
16:06:14.245 [restartedMain] INFO  o.s.b.d.e.DevToolsPropertyDefaultsPostProcessor - [logTo,227] - Devtools property defaults active! Set 'spring.devtools.add-properties' to 'false' to disable
16:06:14.245 [restartedMain] INFO  o.s.b.d.e.DevToolsPropertyDefaultsPostProcessor - [logTo,227] - For additional web related logging consider setting the 'logging.level.web' property to 'DEBUG'
16:06:16.292 [restartedMain] INFO  o.s.d.r.c.RepositoryConfigurationDelegate - [multipleStoresDetected,244] - Multiple Spring Data modules found, entering strict repository configuration mode!
16:06:16.292 [restartedMain] INFO  o.s.d.r.c.RepositoryConfigurationDelegate - [registerRepositoriesIn,126] - Bootstrapping Spring Data repositories in DEFAULT mode.
16:06:16.323 [restartedMain] INFO  o.s.d.r.c.RepositoryConfigurationDelegate - [registerRepositoriesIn,182] - Finished Spring Data repository scanning in 15ms. Found 0 repository interfaces.
16:06:16.355 [restartedMain] INFO  o.s.d.r.c.RepositoryConfigurationDelegate - [multipleStoresDetected,244] - Multiple Spring Data modules found, entering strict repository configuration mode!
16:06:16.355 [restartedMain] INFO  o.s.d.r.c.RepositoryConfigurationDelegate - [registerRepositoriesIn,126] - Bootstrapping Spring Data repositories in DEFAULT mode.
16:06:16.370 [restartedMain] INFO  o.s.d.r.c.RepositoryConfigurationDelegate - [registerRepositoriesIn,182] - Finished Spring Data repository scanning in 0ms. Found 0 repository interfaces.
16:06:16.917 [restartedMain] INFO  o.s.c.s.PostProcessorRegistrationDelegate$BeanPostProcessorChecker - [postProcessAfterInitialization,330] - Bean 'org.springframework.kafka.annotation.KafkaBootstrapConfiguration' of type [org.springframework.kafka.annotation.KafkaBootstrapConfiguration$$EnhancerBySpringCGLIB$$5259ee99] is not eligible for getting processed by all BeanPostProcessors (for example: not eligible for auto-proxying)
16:06:17.245 [restartedMain] INFO  o.s.c.s.PostProcessorRegistrationDelegate$BeanPostProcessorChecker - [postProcessAfterInitialization,330] - Bean 'org.springframework.transaction.annotation.ProxyTransactionManagementConfiguration' of type [org.springframework.transaction.annotation.ProxyTransactionManagementConfiguration$$EnhancerBySpringCGLIB$$7ea7dd16] is not eligible for getting processed by all BeanPostProcessors (for example: not eligible for auto-proxying)
16:06:18.417 [restartedMain] INFO  o.s.b.w.e.t.TomcatWebServer - [initialize,90] - Tomcat initialized with port(s): 8080 (http)
16:06:18.433 [restartedMain] INFO  o.a.c.h.Http11NioProtocol - [log,173] - Initializing ProtocolHandler ["http-nio-8080"]
16:06:18.433 [restartedMain] INFO  o.a.c.c.StandardService - [log,173] - Starting service [Tomcat]
16:06:18.433 [restartedMain] INFO  o.a.c.c.StandardEngine - [log,173] - Starting Servlet Engine: Apache Tomcat/9.0.12
16:06:18.448 [restartedMain] INFO  o.a.c.c.AprLifecycleListener - [log,173] - The APR based Apache Tomcat Native library which allows optimal performance in production environments was not found on the java.library.path: [C:\Program Files\Java\jdk1.8.0_201\bin;C:\Windows\Sun\Java\bin;C:\Windows\system32;C:\Windows;C:\Program Files (x86)\Common Files\Oracle\Java\javapath;C:\Windows\system32;C:\Windows;C:\Windows\System32\Wbem;C:\Windows\System32\WindowsPowerShell\v1.0\;C:\Windows\System32\OpenSSH\;C:\Program Files (x86)\NVIDIA Corporation\PhysX\Common;C:\Program Files\Java\jdk1.8.0_201\bin;E:\Program Files\Git\cmd;C:\Users\Administrator\AppData\Local\Microsoft\WindowsApps;.]
16:06:18.589 [restartedMain] INFO  o.a.c.c.C.[.[.[/order] - [log,173] - Initializing Spring embedded WebApplicationContext
16:06:18.589 [restartedMain] INFO  o.s.w.c.ContextLoader - [prepareWebApplicationContext,285] - Root WebApplicationContext: initialization completed in 4344 ms
16:06:18.698 [restartedMain] INFO  o.s.b.w.s.ServletRegistrationBean - [addRegistration,186] - Servlet dispatcherServlet mapped to [*.action, /configuration/ui, /swagger-resources, /v2/api-docs, /configuration/security]
16:06:18.698 [restartedMain] INFO  o.s.b.w.s.ServletRegistrationBean - [addRegistration,186] - Servlet dispatcherServlet mapped to [/]
16:06:18.698 [restartedMain] INFO  o.s.b.w.s.RegistrationBean - [register,111] - Servlet dispatcherServlet was not registered (possibly already registered?)
16:06:18.698 [restartedMain] INFO  o.s.b.w.s.FilterRegistrationBean - [configure,248] - Mapping filter: 'characterEncodingFilter' to: [/*]
16:06:18.714 [restartedMain] INFO  o.s.b.w.s.FilterRegistrationBean - [configure,248] - Mapping filter: 'hiddenHttpMethodFilter' to: [/*]
16:06:18.714 [restartedMain] INFO  o.s.b.w.s.FilterRegistrationBean - [configure,248] - Mapping filter: 'formContentFilter' to: [/*]
16:06:18.714 [restartedMain] INFO  o.s.b.w.s.FilterRegistrationBean - [configure,248] - Mapping filter: 'requestContextFilter' to: [/*]
16:06:22.859 [restartedMain] INFO  o.s.s.c.ThreadPoolTaskExecutor - [initialize,171] - Initializing ExecutorService 'applicationTaskExecutor'
16:06:23.111 [restartedMain] INFO  o.s.b.d.a.OptionalLiveReloadServer - [startServer,57] - LiveReload server is running on port 35729
16:06:25.470 [restartedMain] INFO  s.d.s.w.p.DocumentationPluginsBootstrapper - [onApplicationEvent,84] - Context refreshed
16:06:25.486 [restartedMain] INFO  s.d.s.w.p.DocumentationPluginsBootstrapper - [onApplicationEvent,87] - Found 1 custom documentation plugin(s)
16:06:25.502 [restartedMain] INFO  s.d.s.w.s.ApiListingReferenceScanner - [scan,44] - Scanning for api listing references
16:06:25.689 [restartedMain] INFO  o.a.c.h.Http11NioProtocol - [log,173] - Starting ProtocolHandler ["http-nio-8080"]
16:06:25.705 [restartedMain] INFO  o.a.t.u.n.NioSelectorPool - [log,173] - Using a shared selector for servlet write/read
16:06:25.720 [restartedMain] INFO  o.s.b.w.e.t.TomcatWebServer - [start,204] - Tomcat started on port(s): 8080 (http) with context path '/order'
16:06:25.720 [restartedMain] INFO  c.t.o.OrderApplication - [logStarted,59] - Started OrderApplication in 13.053 seconds (JVM running for 16.795)
16:07:17.321 [http-nio-8080-exec-1] INFO  o.a.t.u.h.p.Cookie - [log,173] - A cookie header was received [1554694546; Hm_lvt_3767979e7494107d90440379bed07921=1554285408,1554694546] that contained an invalid cookie. That cookie will be ignored.Note: further occurrences of this error will be logged at DEBUG level.
