09:16:15.144 [restartedMain] INFO  c.t.o.OrderApplication - [logStarting,50] - Starting OrderApplication on 8EL23LLFZAW1R87 with PID 5520 (E:\develop\idea_workspace\order\target\classes started by Administrator in E:\develop\idea_workspace\order)
09:16:15.175 [restartedMain] INFO  c.t.o.OrderApplication - [logStartupProfileInfo,675] - No active profile set, falling back to default profiles: default
09:16:15.472 [restartedMain] INFO  o.s.b.d.e.DevToolsPropertyDefaultsPostProcessor - [logTo,227] - Devtools property defaults active! Set 'spring.devtools.add-properties' to 'false' to disable
09:16:15.472 [restartedMain] INFO  o.s.b.d.e.DevToolsPropertyDefaultsPostProcessor - [logTo,227] - For additional web related logging consider setting the 'logging.level.web' property to 'DEBUG'
09:16:22.050 [restartedMain] INFO  o.s.d.r.c.RepositoryConfigurationDelegate - [multipleStoresDetected,244] - Multiple Spring Data modules found, entering strict repository configuration mode!
09:16:22.050 [restartedMain] INFO  o.s.d.r.c.RepositoryConfigurationDelegate - [registerRepositoriesIn,126] - Bootstrapping Spring Data repositories in DEFAULT mode.
09:16:22.081 [restartedMain] INFO  o.s.d.r.c.RepositoryConfigurationDelegate - [registerRepositoriesIn,182] - Finished Spring Data repository scanning in 31ms. Found 0 repository interfaces.
09:16:22.112 [restartedMain] INFO  o.s.d.r.c.RepositoryConfigurationDelegate - [multipleStoresDetected,244] - Multiple Spring Data modules found, entering strict repository configuration mode!
09:16:22.112 [restartedMain] INFO  o.s.d.r.c.RepositoryConfigurationDelegate - [registerRepositoriesIn,126] - Bootstrapping Spring Data repositories in DEFAULT mode.
09:16:22.128 [restartedMain] INFO  o.s.d.r.c.RepositoryConfigurationDelegate - [registerRepositoriesIn,182] - Finished Spring Data repository scanning in 0ms. Found 0 repository interfaces.
09:16:22.878 [restartedMain] INFO  o.s.c.s.PostProcessorRegistrationDelegate$BeanPostProcessorChecker - [postProcessAfterInitialization,330] - Bean 'org.springframework.kafka.annotation.KafkaBootstrapConfiguration' of type [org.springframework.kafka.annotation.KafkaBootstrapConfiguration$$EnhancerBySpringCGLIB$$52bbbd7e] is not eligible for getting processed by all BeanPostProcessors (for example: not eligible for auto-proxying)
09:16:23.320 [restartedMain] INFO  o.s.c.s.PostProcessorRegistrationDelegate$BeanPostProcessorChecker - [postProcessAfterInitialization,330] - Bean 'org.springframework.transaction.annotation.ProxyTransactionManagementConfiguration' of type [org.springframework.transaction.annotation.ProxyTransactionManagementConfiguration$$EnhancerBySpringCGLIB$$7f09abfb] is not eligible for getting processed by all BeanPostProcessors (for example: not eligible for auto-proxying)
09:16:24.867 [restartedMain] INFO  o.s.b.w.e.t.TomcatWebServer - [initialize,90] - Tomcat initialized with port(s): 8080 (http)
09:16:24.898 [restartedMain] INFO  o.a.c.h.Http11NioProtocol - [log,173] - Initializing ProtocolHandler ["http-nio-8080"]
09:16:24.914 [restartedMain] INFO  o.a.c.c.StandardService - [log,173] - Starting service [Tomcat]
09:16:24.914 [restartedMain] INFO  o.a.c.c.StandardEngine - [log,173] - Starting Servlet Engine: Apache Tomcat/9.0.12
09:16:24.930 [restartedMain] INFO  o.a.c.c.AprLifecycleListener - [log,173] - The APR based Apache Tomcat Native library which allows optimal performance in production environments was not found on the java.library.path: [C:\Program Files\Java\jdk1.8.0_201\bin;C:\Windows\Sun\Java\bin;C:\Windows\system32;C:\Windows;C:\Program Files (x86)\Common Files\Oracle\Java\javapath;C:\Windows\system32;C:\Windows;C:\Windows\System32\Wbem;C:\Windows\System32\WindowsPowerShell\v1.0\;C:\Windows\System32\OpenSSH\;C:\Program Files (x86)\NVIDIA Corporation\PhysX\Common;C:\Program Files\Java\jdk1.8.0_201\bin;E:\Program Files\Git\cmd;E:\Program Files\TortoiseGit\bin;C:\Users\Administrator\AppData\Local\Microsoft\WindowsApps;;.]
09:16:25.179 [restartedMain] INFO  o.a.c.c.C.[.[.[/order] - [log,173] - Initializing Spring embedded WebApplicationContext
09:16:25.179 [restartedMain] INFO  o.s.w.c.ContextLoader - [prepareWebApplicationContext,285] - Root WebApplicationContext: initialization completed in 9707 ms
09:16:25.539 [restartedMain] INFO  o.s.b.w.s.ServletRegistrationBean - [addRegistration,186] - Servlet dispatcherServlet mapped to [*.action, /configuration/ui, /swagger-resources, /v2/api-docs, /configuration/security]
09:16:25.539 [restartedMain] INFO  o.s.b.w.s.ServletRegistrationBean - [addRegistration,186] - Servlet dispatcherServlet mapped to [/]
09:16:25.539 [restartedMain] INFO  o.s.b.w.s.RegistrationBean - [register,111] - Servlet dispatcherServlet was not registered (possibly already registered?)
09:16:25.554 [restartedMain] INFO  o.s.b.w.s.FilterRegistrationBean - [configure,248] - Mapping filter: 'characterEncodingFilter' to: [/*]
09:16:25.554 [restartedMain] INFO  o.s.b.w.s.FilterRegistrationBean - [configure,248] - Mapping filter: 'hiddenHttpMethodFilter' to: [/*]
09:16:25.554 [restartedMain] INFO  o.s.b.w.s.FilterRegistrationBean - [configure,248] - Mapping filter: 'formContentFilter' to: [/*]
09:16:25.554 [restartedMain] INFO  o.s.b.w.s.FilterRegistrationBean - [configure,248] - Mapping filter: 'requestContextFilter' to: [/*]
09:16:29.648 [restartedMain] INFO  o.s.s.c.ThreadPoolTaskExecutor - [initialize,171] - Initializing ExecutorService 'applicationTaskExecutor'
09:16:29.929 [restartedMain] INFO  o.s.b.d.a.OptionalLiveReloadServer - [startServer,57] - LiveReload server is running on port 35729
09:16:32.304 [restartedMain] INFO  s.d.s.w.p.DocumentationPluginsBootstrapper - [onApplicationEvent,84] - Context refreshed
09:16:32.320 [restartedMain] INFO  s.d.s.w.p.DocumentationPluginsBootstrapper - [onApplicationEvent,87] - Found 1 custom documentation plugin(s)
09:16:32.336 [restartedMain] INFO  s.d.s.w.s.ApiListingReferenceScanner - [scan,44] - Scanning for api listing references
09:16:32.539 [restartedMain] INFO  s.d.s.w.r.o.CachingOperationNameGenerator - [startingWith,40] - Generating unique operation named: loginUsingGET_1
09:16:32.570 [restartedMain] INFO  o.a.c.h.Http11NioProtocol - [log,173] - Starting ProtocolHandler ["http-nio-8080"]
09:16:32.570 [restartedMain] INFO  o.a.t.u.n.NioSelectorPool - [log,173] - Using a shared selector for servlet write/read
09:16:32.601 [restartedMain] INFO  o.s.b.w.e.t.TomcatWebServer - [start,204] - Tomcat started on port(s): 8080 (http) with context path '/order'
09:16:32.601 [restartedMain] INFO  c.t.o.OrderApplication - [logStarted,59] - Started OrderApplication in 18.238 seconds (JVM running for 21.769)
09:16:45.362 [http-nio-8080-exec-3] INFO  o.a.t.u.h.p.Cookie - [log,173] - A cookie header was received [1554694546; Hm_lvt_3767979e7494107d90440379bed07921=1554285408,1554694546] that contained an invalid cookie. That cookie will be ignored.Note: further occurrences of this error will be logged at DEBUG level.
09:28:36.119 [Thread-26] INFO  o.s.s.c.ThreadPoolTaskExecutor - [shutdown,208] - Shutting down ExecutorService 'applicationTaskExecutor'
09:28:36.866 [restartedMain] INFO  c.t.o.OrderApplication - [logStarting,50] - Starting OrderApplication on 8EL23LLFZAW1R87 with PID 5520 (E:\develop\idea_workspace\order\target\classes started by Administrator in E:\develop\idea_workspace\order)
09:28:36.866 [restartedMain] INFO  c.t.o.OrderApplication - [logStartupProfileInfo,675] - No active profile set, falling back to default profiles: default
09:28:37.788 [restartedMain] INFO  o.s.d.r.c.RepositoryConfigurationDelegate - [multipleStoresDetected,244] - Multiple Spring Data modules found, entering strict repository configuration mode!
09:28:37.788 [restartedMain] INFO  o.s.d.r.c.RepositoryConfigurationDelegate - [registerRepositoriesIn,126] - Bootstrapping Spring Data repositories in DEFAULT mode.
09:28:37.804 [restartedMain] INFO  o.s.d.r.c.RepositoryConfigurationDelegate - [registerRepositoriesIn,182] - Finished Spring Data repository scanning in 16ms. Found 0 repository interfaces.
09:28:37.804 [restartedMain] INFO  o.s.d.r.c.RepositoryConfigurationDelegate - [multipleStoresDetected,244] - Multiple Spring Data modules found, entering strict repository configuration mode!
09:28:37.804 [restartedMain] INFO  o.s.d.r.c.RepositoryConfigurationDelegate - [registerRepositoriesIn,126] - Bootstrapping Spring Data repositories in DEFAULT mode.
09:28:37.820 [restartedMain] INFO  o.s.d.r.c.RepositoryConfigurationDelegate - [registerRepositoriesIn,182] - Finished Spring Data repository scanning in 16ms. Found 0 repository interfaces.
09:28:37.945 [restartedMain] INFO  o.s.c.s.PostProcessorRegistrationDelegate$BeanPostProcessorChecker - [postProcessAfterInitialization,330] - Bean 'org.springframework.kafka.annotation.KafkaBootstrapConfiguration' of type [org.springframework.kafka.annotation.KafkaBootstrapConfiguration$$EnhancerBySpringCGLIB$$52bbbd7e] is not eligible for getting processed by all BeanPostProcessors (for example: not eligible for auto-proxying)
09:28:37.991 [restartedMain] INFO  o.s.c.s.PostProcessorRegistrationDelegate$BeanPostProcessorChecker - [postProcessAfterInitialization,330] - Bean 'org.springframework.transaction.annotation.ProxyTransactionManagementConfiguration' of type [org.springframework.transaction.annotation.ProxyTransactionManagementConfiguration$$EnhancerBySpringCGLIB$$7f09abfb] is not eligible for getting processed by all BeanPostProcessors (for example: not eligible for auto-proxying)
09:28:38.804 [restartedMain] INFO  o.s.b.w.e.t.TomcatWebServer - [initialize,90] - Tomcat initialized with port(s): 8080 (http)
09:28:38.804 [restartedMain] INFO  o.a.c.h.Http11NioProtocol - [log,173] - Initializing ProtocolHandler ["http-nio-8080"]
09:28:38.804 [restartedMain] INFO  o.a.c.c.StandardService - [log,173] - Starting service [Tomcat]
09:28:38.804 [restartedMain] INFO  o.a.c.c.StandardEngine - [log,173] - Starting Servlet Engine: Apache Tomcat/9.0.12
09:28:38.835 [restartedMain] INFO  o.a.c.c.C.[.[.[/order] - [log,173] - Initializing Spring embedded WebApplicationContext
09:28:38.835 [restartedMain] INFO  o.s.w.c.ContextLoader - [prepareWebApplicationContext,285] - Root WebApplicationContext: initialization completed in 1969 ms
09:28:39.007 [restartedMain] INFO  o.s.b.w.s.ServletRegistrationBean - [addRegistration,186] - Servlet dispatcherServlet mapped to [*.action, /configuration/ui, /swagger-resources, /v2/api-docs, /configuration/security]
09:28:39.007 [restartedMain] INFO  o.s.b.w.s.ServletRegistrationBean - [addRegistration,186] - Servlet dispatcherServlet mapped to [/]
09:28:39.007 [restartedMain] INFO  o.s.b.w.s.RegistrationBean - [register,111] - Servlet dispatcherServlet was not registered (possibly already registered?)
09:28:39.007 [restartedMain] INFO  o.s.b.w.s.FilterRegistrationBean - [configure,248] - Mapping filter: 'characterEncodingFilter' to: [/*]
09:28:39.007 [restartedMain] INFO  o.s.b.w.s.FilterRegistrationBean - [configure,248] - Mapping filter: 'hiddenHttpMethodFilter' to: [/*]
09:28:39.007 [restartedMain] INFO  o.s.b.w.s.FilterRegistrationBean - [configure,248] - Mapping filter: 'formContentFilter' to: [/*]
09:28:39.007 [restartedMain] INFO  o.s.b.w.s.FilterRegistrationBean - [configure,248] - Mapping filter: 'requestContextFilter' to: [/*]
09:28:42.054 [restartedMain] INFO  o.s.s.c.ThreadPoolTaskExecutor - [initialize,171] - Initializing ExecutorService 'applicationTaskExecutor'
09:28:42.210 [restartedMain] INFO  o.s.b.d.a.OptionalLiveReloadServer - [startServer,57] - LiveReload server is running on port 35729
09:28:43.726 [restartedMain] INFO  s.d.s.w.p.DocumentationPluginsBootstrapper - [onApplicationEvent,84] - Context refreshed
09:28:43.726 [restartedMain] INFO  s.d.s.w.p.DocumentationPluginsBootstrapper - [onApplicationEvent,87] - Found 1 custom documentation plugin(s)
09:28:43.726 [restartedMain] INFO  s.d.s.w.s.ApiListingReferenceScanner - [scan,44] - Scanning for api listing references
09:28:43.757 [restartedMain] INFO  s.d.s.w.r.o.CachingOperationNameGenerator - [startingWith,40] - Generating unique operation named: loginUsingGET_1
09:28:43.757 [restartedMain] INFO  o.a.c.h.Http11NioProtocol - [log,173] - Starting ProtocolHandler ["http-nio-8080"]
09:28:43.757 [restartedMain] INFO  o.a.t.u.n.NioSelectorPool - [log,173] - Using a shared selector for servlet write/read
09:28:43.773 [restartedMain] INFO  o.s.b.w.e.t.TomcatWebServer - [start,204] - Tomcat started on port(s): 8080 (http) with context path '/order'
09:28:43.773 [restartedMain] INFO  c.t.o.OrderApplication - [logStarted,59] - Started OrderApplication in 6.967 seconds (JVM running for 752.936)
09:28:43.773 [restartedMain] INFO  o.s.b.a.l.ConditionEvaluationReportLoggingListener - [logMessage,142] - 

Error starting ApplicationContext. To display the conditions report re-run your application with 'debug' enabled.
09:28:43.788 [restartedMain] INFO  o.s.s.c.ThreadPoolTaskExecutor - [shutdown,208] - Shutting down ExecutorService 'applicationTaskExecutor'
09:31:43.240 [restartedMain] INFO  c.t.o.OrderApplication - [logStarting,50] - Starting OrderApplication on 8EL23LLFZAW1R87 with PID 5520 (E:\develop\idea_workspace\order\target\classes started by Administrator in E:\develop\idea_workspace\order)
09:31:43.240 [restartedMain] INFO  c.t.o.OrderApplication - [logStartupProfileInfo,675] - No active profile set, falling back to default profiles: default
09:31:44.064 [restartedMain] INFO  o.s.d.r.c.RepositoryConfigurationDelegate - [multipleStoresDetected,244] - Multiple Spring Data modules found, entering strict repository configuration mode!
09:31:44.064 [restartedMain] INFO  o.s.d.r.c.RepositoryConfigurationDelegate - [registerRepositoriesIn,126] - Bootstrapping Spring Data repositories in DEFAULT mode.
09:31:44.079 [restartedMain] INFO  o.s.d.r.c.RepositoryConfigurationDelegate - [registerRepositoriesIn,182] - Finished Spring Data repository scanning in 15ms. Found 0 repository interfaces.
09:31:44.079 [restartedMain] INFO  o.s.d.r.c.RepositoryConfigurationDelegate - [multipleStoresDetected,244] - Multiple Spring Data modules found, entering strict repository configuration mode!
09:31:44.079 [restartedMain] INFO  o.s.d.r.c.RepositoryConfigurationDelegate - [registerRepositoriesIn,126] - Bootstrapping Spring Data repositories in DEFAULT mode.
09:31:44.079 [restartedMain] INFO  o.s.d.r.c.RepositoryConfigurationDelegate - [registerRepositoriesIn,182] - Finished Spring Data repository scanning in 0ms. Found 0 repository interfaces.
09:31:44.189 [restartedMain] INFO  o.s.c.s.PostProcessorRegistrationDelegate$BeanPostProcessorChecker - [postProcessAfterInitialization,330] - Bean 'org.springframework.kafka.annotation.KafkaBootstrapConfiguration' of type [org.springframework.kafka.annotation.KafkaBootstrapConfiguration$$EnhancerBySpringCGLIB$$52bbbd7e] is not eligible for getting processed by all BeanPostProcessors (for example: not eligible for auto-proxying)
09:31:44.251 [restartedMain] INFO  o.s.c.s.PostProcessorRegistrationDelegate$BeanPostProcessorChecker - [postProcessAfterInitialization,330] - Bean 'org.springframework.transaction.annotation.ProxyTransactionManagementConfiguration' of type [org.springframework.transaction.annotation.ProxyTransactionManagementConfiguration$$EnhancerBySpringCGLIB$$7f09abfb] is not eligible for getting processed by all BeanPostProcessors (for example: not eligible for auto-proxying)
09:31:44.892 [restartedMain] INFO  o.s.b.w.e.t.TomcatWebServer - [initialize,90] - Tomcat initialized with port(s): 8080 (http)
09:31:44.892 [restartedMain] INFO  o.a.c.h.Http11NioProtocol - [log,173] - Initializing ProtocolHandler ["http-nio-8080"]
09:31:44.892 [restartedMain] INFO  o.a.c.c.StandardService - [log,173] - Starting service [Tomcat]
09:31:44.892 [restartedMain] INFO  o.a.c.c.StandardEngine - [log,173] - Starting Servlet Engine: Apache Tomcat/9.0.12
09:31:44.954 [restartedMain] INFO  o.a.c.c.C.[.[.[/order] - [log,173] - Initializing Spring embedded WebApplicationContext
09:31:44.954 [restartedMain] INFO  o.s.w.c.ContextLoader - [prepareWebApplicationContext,285] - Root WebApplicationContext: initialization completed in 1714 ms
09:31:45.267 [restartedMain] INFO  o.s.b.w.s.ServletRegistrationBean - [addRegistration,186] - Servlet dispatcherServlet mapped to [*.action, /configuration/ui, /swagger-resources, /v2/api-docs, /configuration/security]
09:31:45.267 [restartedMain] INFO  o.s.b.w.s.ServletRegistrationBean - [addRegistration,186] - Servlet dispatcherServlet mapped to [/]
09:31:45.267 [restartedMain] INFO  o.s.b.w.s.RegistrationBean - [register,111] - Servlet dispatcherServlet was not registered (possibly already registered?)
09:31:45.267 [restartedMain] INFO  o.s.b.w.s.FilterRegistrationBean - [configure,248] - Mapping filter: 'characterEncodingFilter' to: [/*]
09:31:45.267 [restartedMain] INFO  o.s.b.w.s.FilterRegistrationBean - [configure,248] - Mapping filter: 'hiddenHttpMethodFilter' to: [/*]
09:31:45.267 [restartedMain] INFO  o.s.b.w.s.FilterRegistrationBean - [configure,248] - Mapping filter: 'formContentFilter' to: [/*]
09:31:45.267 [restartedMain] INFO  o.s.b.w.s.FilterRegistrationBean - [configure,248] - Mapping filter: 'requestContextFilter' to: [/*]
09:31:49.220 [restartedMain] INFO  o.s.s.c.ThreadPoolTaskExecutor - [initialize,171] - Initializing ExecutorService 'applicationTaskExecutor'
09:31:49.438 [restartedMain] INFO  o.s.b.d.a.OptionalLiveReloadServer - [startServer,57] - LiveReload server is running on port 35729
09:31:51.914 [restartedMain] INFO  s.d.s.w.p.DocumentationPluginsBootstrapper - [onApplicationEvent,84] - Context refreshed
09:31:51.914 [restartedMain] INFO  s.d.s.w.p.DocumentationPluginsBootstrapper - [onApplicationEvent,87] - Found 1 custom documentation plugin(s)
09:31:51.929 [restartedMain] INFO  s.d.s.w.s.ApiListingReferenceScanner - [scan,44] - Scanning for api listing references
09:31:51.976 [restartedMain] INFO  s.d.s.w.r.o.CachingOperationNameGenerator - [startingWith,40] - Generating unique operation named: loginUsingGET_1
09:31:51.976 [restartedMain] INFO  o.a.c.h.Http11NioProtocol - [log,173] - Starting ProtocolHandler ["http-nio-8080"]
09:31:51.992 [restartedMain] INFO  o.a.t.u.n.NioSelectorPool - [log,173] - Using a shared selector for servlet write/read
09:31:51.992 [restartedMain] INFO  o.s.b.w.e.t.TomcatWebServer - [start,204] - Tomcat started on port(s): 8080 (http) with context path '/order'
09:31:52.023 [restartedMain] INFO  c.t.o.OrderApplication - [logStarted,59] - Started OrderApplication in 8.862 seconds (JVM running for 941.185)
09:31:52.023 [restartedMain] INFO  o.s.b.a.l.ConditionEvaluationReportLoggingListener - [logMessage,142] - 

Error starting ApplicationContext. To display the conditions report re-run your application with 'debug' enabled.
09:31:52.023 [restartedMain] INFO  o.s.s.c.ThreadPoolTaskExecutor - [shutdown,208] - Shutting down ExecutorService 'applicationTaskExecutor'
09:32:04.538 [restartedMain] INFO  c.t.o.OrderApplication - [logStarting,50] - Starting OrderApplication on 8EL23LLFZAW1R87 with PID 5520 (E:\develop\idea_workspace\order\target\classes started by Administrator in E:\develop\idea_workspace\order)
09:32:04.538 [restartedMain] INFO  c.t.o.OrderApplication - [logStartupProfileInfo,675] - No active profile set, falling back to default profiles: default
09:32:05.335 [restartedMain] INFO  o.s.d.r.c.RepositoryConfigurationDelegate - [multipleStoresDetected,244] - Multiple Spring Data modules found, entering strict repository configuration mode!
09:32:05.335 [restartedMain] INFO  o.s.d.r.c.RepositoryConfigurationDelegate - [registerRepositoriesIn,126] - Bootstrapping Spring Data repositories in DEFAULT mode.
09:32:05.335 [restartedMain] INFO  o.s.d.r.c.RepositoryConfigurationDelegate - [registerRepositoriesIn,182] - Finished Spring Data repository scanning in 0ms. Found 0 repository interfaces.
09:32:05.335 [restartedMain] INFO  o.s.d.r.c.RepositoryConfigurationDelegate - [multipleStoresDetected,244] - Multiple Spring Data modules found, entering strict repository configuration mode!
09:32:05.335 [restartedMain] INFO  o.s.d.r.c.RepositoryConfigurationDelegate - [registerRepositoriesIn,126] - Bootstrapping Spring Data repositories in DEFAULT mode.
09:32:05.351 [restartedMain] INFO  o.s.d.r.c.RepositoryConfigurationDelegate - [registerRepositoriesIn,182] - Finished Spring Data repository scanning in 16ms. Found 0 repository interfaces.
09:32:05.413 [restartedMain] INFO  o.s.c.s.PostProcessorRegistrationDelegate$BeanPostProcessorChecker - [postProcessAfterInitialization,330] - Bean 'org.springframework.kafka.annotation.KafkaBootstrapConfiguration' of type [org.springframework.kafka.annotation.KafkaBootstrapConfiguration$$EnhancerBySpringCGLIB$$52bbbd7e] is not eligible for getting processed by all BeanPostProcessors (for example: not eligible for auto-proxying)
09:32:05.444 [restartedMain] INFO  o.s.c.s.PostProcessorRegistrationDelegate$BeanPostProcessorChecker - [postProcessAfterInitialization,330] - Bean 'org.springframework.transaction.annotation.ProxyTransactionManagementConfiguration' of type [org.springframework.transaction.annotation.ProxyTransactionManagementConfiguration$$EnhancerBySpringCGLIB$$7f09abfb] is not eligible for getting processed by all BeanPostProcessors (for example: not eligible for auto-proxying)
09:32:05.967 [restartedMain] INFO  o.s.b.w.e.t.TomcatWebServer - [initialize,90] - Tomcat initialized with port(s): 8080 (http)
09:32:05.967 [restartedMain] INFO  o.a.c.h.Http11NioProtocol - [log,173] - Initializing ProtocolHandler ["http-nio-8080"]
09:32:05.967 [restartedMain] INFO  o.a.c.c.StandardService - [log,173] - Starting service [Tomcat]
09:32:05.967 [restartedMain] INFO  o.a.c.c.StandardEngine - [log,173] - Starting Servlet Engine: Apache Tomcat/9.0.12
09:32:05.999 [restartedMain] INFO  o.a.c.c.C.[.[.[/order] - [log,173] - Initializing Spring embedded WebApplicationContext
09:32:05.999 [restartedMain] INFO  o.s.w.c.ContextLoader - [prepareWebApplicationContext,285] - Root WebApplicationContext: initialization completed in 1445 ms
09:32:06.139 [restartedMain] INFO  o.s.b.w.s.ServletRegistrationBean - [addRegistration,186] - Servlet dispatcherServlet mapped to [*.action, /configuration/ui, /swagger-resources, /v2/api-docs, /configuration/security]
09:32:06.139 [restartedMain] INFO  o.s.b.w.s.ServletRegistrationBean - [addRegistration,186] - Servlet dispatcherServlet mapped to [/]
09:32:06.139 [restartedMain] INFO  o.s.b.w.s.RegistrationBean - [register,111] - Servlet dispatcherServlet was not registered (possibly already registered?)
09:32:06.139 [restartedMain] INFO  o.s.b.w.s.FilterRegistrationBean - [configure,248] - Mapping filter: 'characterEncodingFilter' to: [/*]
09:32:06.139 [restartedMain] INFO  o.s.b.w.s.FilterRegistrationBean - [configure,248] - Mapping filter: 'hiddenHttpMethodFilter' to: [/*]
09:32:06.139 [restartedMain] INFO  o.s.b.w.s.FilterRegistrationBean - [configure,248] - Mapping filter: 'formContentFilter' to: [/*]
09:32:06.155 [restartedMain] INFO  o.s.b.w.s.FilterRegistrationBean - [configure,248] - Mapping filter: 'requestContextFilter' to: [/*]
09:32:11.826 [restartedMain] INFO  o.s.s.c.ThreadPoolTaskExecutor - [initialize,171] - Initializing ExecutorService 'applicationTaskExecutor'
09:32:12.811 [restartedMain] INFO  o.s.b.d.a.OptionalLiveReloadServer - [startServer,57] - LiveReload server is running on port 35729
09:32:16.639 [restartedMain] INFO  s.d.s.w.p.DocumentationPluginsBootstrapper - [onApplicationEvent,84] - Context refreshed
09:32:16.639 [restartedMain] INFO  s.d.s.w.p.DocumentationPluginsBootstrapper - [onApplicationEvent,87] - Found 1 custom documentation plugin(s)
09:32:16.639 [restartedMain] INFO  s.d.s.w.s.ApiListingReferenceScanner - [scan,44] - Scanning for api listing references
09:32:16.686 [restartedMain] INFO  s.d.s.w.r.o.CachingOperationNameGenerator - [startingWith,40] - Generating unique operation named: loginUsingGET_1
09:32:16.686 [restartedMain] INFO  o.a.c.h.Http11NioProtocol - [log,173] - Starting ProtocolHandler ["http-nio-8080"]
09:32:16.686 [restartedMain] INFO  o.a.t.u.n.NioSelectorPool - [log,173] - Using a shared selector for servlet write/read
09:32:16.686 [restartedMain] INFO  o.s.b.w.e.t.TomcatWebServer - [start,204] - Tomcat started on port(s): 8080 (http) with context path '/order'
09:32:16.686 [restartedMain] INFO  c.t.o.OrderApplication - [logStarted,59] - Started OrderApplication in 12.226 seconds (JVM running for 965.855)
09:32:16.698 [restartedMain] INFO  o.s.b.a.l.ConditionEvaluationReportLoggingListener - [logMessage,142] - 

Error starting ApplicationContext. To display the conditions report re-run your application with 'debug' enabled.
09:32:16.700 [restartedMain] INFO  o.s.s.c.ThreadPoolTaskExecutor - [shutdown,208] - Shutting down ExecutorService 'applicationTaskExecutor'
09:32:26.132 [restartedMain] INFO  c.t.o.OrderApplication - [logStarting,50] - Starting OrderApplication on 8EL23LLFZAW1R87 with PID 5520 (E:\develop\idea_workspace\order\target\classes started by Administrator in E:\develop\idea_workspace\order)
09:32:26.132 [restartedMain] INFO  c.t.o.OrderApplication - [logStartupProfileInfo,675] - No active profile set, falling back to default profiles: default
09:32:26.908 [restartedMain] INFO  o.s.d.r.c.RepositoryConfigurationDelegate - [multipleStoresDetected,244] - Multiple Spring Data modules found, entering strict repository configuration mode!
09:32:26.908 [restartedMain] INFO  o.s.d.r.c.RepositoryConfigurationDelegate - [registerRepositoriesIn,126] - Bootstrapping Spring Data repositories in DEFAULT mode.
09:32:26.923 [restartedMain] INFO  o.s.d.r.c.RepositoryConfigurationDelegate - [registerRepositoriesIn,182] - Finished Spring Data repository scanning in 15ms. Found 0 repository interfaces.
09:32:26.923 [restartedMain] INFO  o.s.d.r.c.RepositoryConfigurationDelegate - [multipleStoresDetected,244] - Multiple Spring Data modules found, entering strict repository configuration mode!
09:32:26.923 [restartedMain] INFO  o.s.d.r.c.RepositoryConfigurationDelegate - [registerRepositoriesIn,126] - Bootstrapping Spring Data repositories in DEFAULT mode.
09:32:26.939 [restartedMain] INFO  o.s.d.r.c.RepositoryConfigurationDelegate - [registerRepositoriesIn,182] - Finished Spring Data repository scanning in 16ms. Found 0 repository interfaces.
09:32:27.048 [restartedMain] INFO  o.s.c.s.PostProcessorRegistrationDelegate$BeanPostProcessorChecker - [postProcessAfterInitialization,330] - Bean 'org.springframework.kafka.annotation.KafkaBootstrapConfiguration' of type [org.springframework.kafka.annotation.KafkaBootstrapConfiguration$$EnhancerBySpringCGLIB$$52bbbd7e] is not eligible for getting processed by all BeanPostProcessors (for example: not eligible for auto-proxying)
09:32:27.095 [restartedMain] INFO  o.s.c.s.PostProcessorRegistrationDelegate$BeanPostProcessorChecker - [postProcessAfterInitialization,330] - Bean 'org.springframework.transaction.annotation.ProxyTransactionManagementConfiguration' of type [org.springframework.transaction.annotation.ProxyTransactionManagementConfiguration$$EnhancerBySpringCGLIB$$7f09abfb] is not eligible for getting processed by all BeanPostProcessors (for example: not eligible for auto-proxying)
09:32:28.142 [restartedMain] INFO  o.s.b.w.e.t.TomcatWebServer - [initialize,90] - Tomcat initialized with port(s): 8080 (http)
09:32:28.142 [restartedMain] INFO  o.a.c.h.Http11NioProtocol - [log,173] - Initializing ProtocolHandler ["http-nio-8080"]
09:32:28.142 [restartedMain] INFO  o.a.c.c.StandardService - [log,173] - Starting service [Tomcat]
09:32:28.142 [restartedMain] INFO  o.a.c.c.StandardEngine - [log,173] - Starting Servlet Engine: Apache Tomcat/9.0.12
09:32:28.189 [restartedMain] INFO  o.a.c.c.C.[.[.[/order] - [log,173] - Initializing Spring embedded WebApplicationContext
09:32:28.189 [restartedMain] INFO  o.s.w.c.ContextLoader - [prepareWebApplicationContext,285] - Root WebApplicationContext: initialization completed in 2041 ms
09:32:28.439 [restartedMain] INFO  o.s.b.w.s.ServletRegistrationBean - [addRegistration,186] - Servlet dispatcherServlet mapped to [*.action, /configuration/ui, /swagger-resources, /v2/api-docs, /configuration/security]
09:32:28.439 [restartedMain] INFO  o.s.b.w.s.ServletRegistrationBean - [addRegistration,186] - Servlet dispatcherServlet mapped to [/]
09:32:28.439 [restartedMain] INFO  o.s.b.w.s.RegistrationBean - [register,111] - Servlet dispatcherServlet was not registered (possibly already registered?)
09:32:28.439 [restartedMain] INFO  o.s.b.w.s.FilterRegistrationBean - [configure,248] - Mapping filter: 'characterEncodingFilter' to: [/*]
09:32:28.439 [restartedMain] INFO  o.s.b.w.s.FilterRegistrationBean - [configure,248] - Mapping filter: 'hiddenHttpMethodFilter' to: [/*]
09:32:28.439 [restartedMain] INFO  o.s.b.w.s.FilterRegistrationBean - [configure,248] - Mapping filter: 'formContentFilter' to: [/*]
09:32:28.439 [restartedMain] INFO  o.s.b.w.s.FilterRegistrationBean - [configure,248] - Mapping filter: 'requestContextFilter' to: [/*]
09:32:35.954 [restartedMain] INFO  o.s.s.c.ThreadPoolTaskExecutor - [initialize,171] - Initializing ExecutorService 'applicationTaskExecutor'
09:32:36.673 [restartedMain] INFO  o.s.b.d.a.OptionalLiveReloadServer - [startServer,57] - LiveReload server is running on port 35729
09:32:39.704 [restartedMain] INFO  s.d.s.w.p.DocumentationPluginsBootstrapper - [onApplicationEvent,84] - Context refreshed
09:32:39.704 [restartedMain] INFO  s.d.s.w.p.DocumentationPluginsBootstrapper - [onApplicationEvent,87] - Found 1 custom documentation plugin(s)
09:32:39.719 [restartedMain] INFO  s.d.s.w.s.ApiListingReferenceScanner - [scan,44] - Scanning for api listing references
09:32:39.766 [restartedMain] INFO  s.d.s.w.r.o.CachingOperationNameGenerator - [startingWith,40] - Generating unique operation named: loginUsingGET_1
09:32:39.766 [restartedMain] INFO  o.a.c.h.Http11NioProtocol - [log,173] - Starting ProtocolHandler ["http-nio-8080"]
09:32:39.766 [restartedMain] INFO  o.a.t.u.n.NioSelectorPool - [log,173] - Using a shared selector for servlet write/read
09:32:39.766 [restartedMain] INFO  o.s.b.w.e.t.TomcatWebServer - [start,204] - Tomcat started on port(s): 8080 (http) with context path '/order'
09:32:39.766 [restartedMain] INFO  c.t.o.OrderApplication - [logStarted,59] - Started OrderApplication in 13.712 seconds (JVM running for 988.938)
09:32:39.766 [restartedMain] INFO  o.s.b.a.l.ConditionEvaluationReportLoggingListener - [logMessage,142] - 

Error starting ApplicationContext. To display the conditions report re-run your application with 'debug' enabled.
09:32:39.782 [restartedMain] INFO  o.s.s.c.ThreadPoolTaskExecutor - [shutdown,208] - Shutting down ExecutorService 'applicationTaskExecutor'
09:32:46.329 [restartedMain] INFO  c.t.o.OrderApplication - [logStarting,50] - Starting OrderApplication on 8EL23LLFZAW1R87 with PID 5520 (E:\develop\idea_workspace\order\target\classes started by Administrator in E:\develop\idea_workspace\order)
09:32:46.329 [restartedMain] INFO  c.t.o.OrderApplication - [logStartupProfileInfo,675] - No active profile set, falling back to default profiles: default
09:32:46.954 [restartedMain] INFO  o.s.d.r.c.RepositoryConfigurationDelegate - [multipleStoresDetected,244] - Multiple Spring Data modules found, entering strict repository configuration mode!
09:32:46.969 [restartedMain] INFO  o.s.d.r.c.RepositoryConfigurationDelegate - [registerRepositoriesIn,126] - Bootstrapping Spring Data repositories in DEFAULT mode.
09:32:46.969 [restartedMain] INFO  o.s.d.r.c.RepositoryConfigurationDelegate - [registerRepositoriesIn,182] - Finished Spring Data repository scanning in 0ms. Found 0 repository interfaces.
09:32:46.969 [restartedMain] INFO  o.s.d.r.c.RepositoryConfigurationDelegate - [multipleStoresDetected,244] - Multiple Spring Data modules found, entering strict repository configuration mode!
09:32:46.969 [restartedMain] INFO  o.s.d.r.c.RepositoryConfigurationDelegate - [registerRepositoriesIn,126] - Bootstrapping Spring Data repositories in DEFAULT mode.
09:32:46.969 [restartedMain] INFO  o.s.d.r.c.RepositoryConfigurationDelegate - [registerRepositoriesIn,182] - Finished Spring Data repository scanning in 0ms. Found 0 repository interfaces.
09:32:47.047 [restartedMain] INFO  o.s.c.s.PostProcessorRegistrationDelegate$BeanPostProcessorChecker - [postProcessAfterInitialization,330] - Bean 'org.springframework.kafka.annotation.KafkaBootstrapConfiguration' of type [org.springframework.kafka.annotation.KafkaBootstrapConfiguration$$EnhancerBySpringCGLIB$$52bbbd7e] is not eligible for getting processed by all BeanPostProcessors (for example: not eligible for auto-proxying)
09:32:47.079 [restartedMain] INFO  o.s.c.s.PostProcessorRegistrationDelegate$BeanPostProcessorChecker - [postProcessAfterInitialization,330] - Bean 'org.springframework.transaction.annotation.ProxyTransactionManagementConfiguration' of type [org.springframework.transaction.annotation.ProxyTransactionManagementConfiguration$$EnhancerBySpringCGLIB$$7f09abfb] is not eligible for getting processed by all BeanPostProcessors (for example: not eligible for auto-proxying)
09:32:47.727 [restartedMain] INFO  o.s.b.w.e.t.TomcatWebServer - [initialize,90] - Tomcat initialized with port(s): 8080 (http)
09:32:47.727 [restartedMain] INFO  o.a.c.h.Http11NioProtocol - [log,173] - Initializing ProtocolHandler ["http-nio-8080"]
09:32:47.727 [restartedMain] INFO  o.a.c.c.StandardService - [log,173] - Starting service [Tomcat]
09:32:47.727 [restartedMain] INFO  o.a.c.c.StandardEngine - [log,173] - Starting Servlet Engine: Apache Tomcat/9.0.12
09:32:47.759 [restartedMain] INFO  o.a.c.c.C.[.[.[/order] - [log,173] - Initializing Spring embedded WebApplicationContext
09:32:47.759 [restartedMain] INFO  o.s.w.c.ContextLoader - [prepareWebApplicationContext,285] - Root WebApplicationContext: initialization completed in 1415 ms
09:32:47.899 [restartedMain] INFO  o.s.b.w.s.ServletRegistrationBean - [addRegistration,186] - Servlet dispatcherServlet mapped to [*.action, /configuration/ui, /swagger-resources, /v2/api-docs, /configuration/security]
09:32:47.899 [restartedMain] INFO  o.s.b.w.s.ServletRegistrationBean - [addRegistration,186] - Servlet dispatcherServlet mapped to [/]
09:32:47.899 [restartedMain] INFO  o.s.b.w.s.RegistrationBean - [register,111] - Servlet dispatcherServlet was not registered (possibly already registered?)
09:32:47.899 [restartedMain] INFO  o.s.b.w.s.FilterRegistrationBean - [configure,248] - Mapping filter: 'characterEncodingFilter' to: [/*]
09:32:47.899 [restartedMain] INFO  o.s.b.w.s.FilterRegistrationBean - [configure,248] - Mapping filter: 'hiddenHttpMethodFilter' to: [/*]
09:32:47.899 [restartedMain] INFO  o.s.b.w.s.FilterRegistrationBean - [configure,248] - Mapping filter: 'formContentFilter' to: [/*]
09:32:47.899 [restartedMain] INFO  o.s.b.w.s.FilterRegistrationBean - [configure,248] - Mapping filter: 'requestContextFilter' to: [/*]
09:32:52.290 [restartedMain] INFO  o.s.s.c.ThreadPoolTaskExecutor - [initialize,171] - Initializing ExecutorService 'applicationTaskExecutor'
09:32:52.618 [restartedMain] INFO  o.s.b.d.a.OptionalLiveReloadServer - [startServer,57] - LiveReload server is running on port 35729
09:32:57.120 [restartedMain] INFO  s.d.s.w.p.DocumentationPluginsBootstrapper - [onApplicationEvent,84] - Context refreshed
09:32:57.120 [restartedMain] INFO  s.d.s.w.p.DocumentationPluginsBootstrapper - [onApplicationEvent,87] - Found 1 custom documentation plugin(s)
09:32:57.120 [restartedMain] INFO  s.d.s.w.s.ApiListingReferenceScanner - [scan,44] - Scanning for api listing references
09:32:57.183 [restartedMain] INFO  s.d.s.w.r.o.CachingOperationNameGenerator - [startingWith,40] - Generating unique operation named: loginUsingGET_1
09:32:57.198 [restartedMain] INFO  o.a.c.h.Http11NioProtocol - [log,173] - Starting ProtocolHandler ["http-nio-8080"]
09:32:57.198 [restartedMain] INFO  o.a.t.u.n.NioSelectorPool - [log,173] - Using a shared selector for servlet write/read
09:32:57.198 [restartedMain] INFO  o.s.b.w.e.t.TomcatWebServer - [start,204] - Tomcat started on port(s): 8080 (http) with context path '/order'
09:32:57.198 [restartedMain] INFO  c.t.o.OrderApplication - [logStarted,59] - Started OrderApplication in 10.947 seconds (JVM running for 1006.368)
09:32:57.198 [restartedMain] INFO  o.s.b.a.l.ConditionEvaluationReportLoggingListener - [logMessage,142] - 

Error starting ApplicationContext. To display the conditions report re-run your application with 'debug' enabled.
09:32:57.214 [restartedMain] INFO  o.s.s.c.ThreadPoolTaskExecutor - [shutdown,208] - Shutting down ExecutorService 'applicationTaskExecutor'
09:33:55.650 [restartedMain] INFO  c.t.o.OrderApplication - [logStarting,50] - Starting OrderApplication on 8EL23LLFZAW1R87 with PID 5520 (E:\develop\idea_workspace\order\target\classes started by Administrator in E:\develop\idea_workspace\order)
09:33:55.650 [restartedMain] INFO  c.t.o.OrderApplication - [logStartupProfileInfo,675] - No active profile set, falling back to default profiles: default
09:33:57.777 [restartedMain] INFO  o.s.d.r.c.RepositoryConfigurationDelegate - [multipleStoresDetected,244] - Multiple Spring Data modules found, entering strict repository configuration mode!
09:33:57.777 [restartedMain] INFO  o.s.d.r.c.RepositoryConfigurationDelegate - [registerRepositoriesIn,126] - Bootstrapping Spring Data repositories in DEFAULT mode.
09:33:57.949 [restartedMain] INFO  o.s.d.r.c.RepositoryConfigurationDelegate - [registerRepositoriesIn,182] - Finished Spring Data repository scanning in 16ms. Found 0 repository interfaces.
09:33:57.949 [restartedMain] INFO  o.s.d.r.c.RepositoryConfigurationDelegate - [multipleStoresDetected,244] - Multiple Spring Data modules found, entering strict repository configuration mode!
09:33:57.964 [restartedMain] INFO  o.s.d.r.c.RepositoryConfigurationDelegate - [registerRepositoriesIn,126] - Bootstrapping Spring Data repositories in DEFAULT mode.
09:33:57.980 [restartedMain] INFO  o.s.d.r.c.RepositoryConfigurationDelegate - [registerRepositoriesIn,182] - Finished Spring Data repository scanning in 16ms. Found 0 repository interfaces.
09:33:58.105 [restartedMain] INFO  o.s.c.s.PostProcessorRegistrationDelegate$BeanPostProcessorChecker - [postProcessAfterInitialization,330] - Bean 'org.springframework.kafka.annotation.KafkaBootstrapConfiguration' of type [org.springframework.kafka.annotation.KafkaBootstrapConfiguration$$EnhancerBySpringCGLIB$$52bbbd7e] is not eligible for getting processed by all BeanPostProcessors (for example: not eligible for auto-proxying)
09:33:58.230 [restartedMain] INFO  o.s.c.s.PostProcessorRegistrationDelegate$BeanPostProcessorChecker - [postProcessAfterInitialization,330] - Bean 'org.springframework.transaction.annotation.ProxyTransactionManagementConfiguration' of type [org.springframework.transaction.annotation.ProxyTransactionManagementConfiguration$$EnhancerBySpringCGLIB$$7f09abfb] is not eligible for getting processed by all BeanPostProcessors (for example: not eligible for auto-proxying)
09:33:58.917 [restartedMain] INFO  o.s.b.w.e.t.TomcatWebServer - [initialize,90] - Tomcat initialized with port(s): 8080 (http)
09:33:58.917 [restartedMain] INFO  o.a.c.h.Http11NioProtocol - [log,173] - Initializing ProtocolHandler ["http-nio-8080"]
09:33:58.917 [restartedMain] INFO  o.a.c.c.StandardService - [log,173] - Starting service [Tomcat]
09:33:58.917 [restartedMain] INFO  o.a.c.c.StandardEngine - [log,173] - Starting Servlet Engine: Apache Tomcat/9.0.12
09:33:58.949 [restartedMain] INFO  o.a.c.c.C.[.[.[/order] - [log,173] - Initializing Spring embedded WebApplicationContext
09:33:58.949 [restartedMain] INFO  o.s.w.c.ContextLoader - [prepareWebApplicationContext,285] - Root WebApplicationContext: initialization completed in 3268 ms
09:33:59.027 [restartedMain] INFO  o.s.b.w.s.ServletRegistrationBean - [addRegistration,186] - Servlet dispatcherServlet mapped to [*.action, /configuration/ui, /swagger-resources, /v2/api-docs, /configuration/security]
09:33:59.027 [restartedMain] INFO  o.s.b.w.s.ServletRegistrationBean - [addRegistration,186] - Servlet dispatcherServlet mapped to [/]
09:33:59.027 [restartedMain] INFO  o.s.b.w.s.RegistrationBean - [register,111] - Servlet dispatcherServlet was not registered (possibly already registered?)
09:33:59.027 [restartedMain] INFO  o.s.b.w.s.FilterRegistrationBean - [configure,248] - Mapping filter: 'characterEncodingFilter' to: [/*]
09:33:59.027 [restartedMain] INFO  o.s.b.w.s.FilterRegistrationBean - [configure,248] - Mapping filter: 'hiddenHttpMethodFilter' to: [/*]
09:33:59.027 [restartedMain] INFO  o.s.b.w.s.FilterRegistrationBean - [configure,248] - Mapping filter: 'formContentFilter' to: [/*]
09:33:59.027 [restartedMain] INFO  o.s.b.w.s.FilterRegistrationBean - [configure,248] - Mapping filter: 'requestContextFilter' to: [/*]
09:34:03.148 [restartedMain] INFO  o.s.s.c.ThreadPoolTaskExecutor - [initialize,171] - Initializing ExecutorService 'applicationTaskExecutor'
09:34:03.382 [restartedMain] INFO  o.s.b.d.a.OptionalLiveReloadServer - [startServer,57] - LiveReload server is running on port 35729
09:34:06.226 [restartedMain] INFO  s.d.s.w.p.DocumentationPluginsBootstrapper - [onApplicationEvent,84] - Context refreshed
09:34:06.226 [restartedMain] INFO  s.d.s.w.p.DocumentationPluginsBootstrapper - [onApplicationEvent,87] - Found 1 custom documentation plugin(s)
09:34:06.226 [restartedMain] INFO  s.d.s.w.s.ApiListingReferenceScanner - [scan,44] - Scanning for api listing references
09:34:06.288 [restartedMain] INFO  s.d.s.w.r.o.CachingOperationNameGenerator - [startingWith,40] - Generating unique operation named: loginUsingGET_1
09:34:06.304 [restartedMain] INFO  o.a.c.h.Http11NioProtocol - [log,173] - Starting ProtocolHandler ["http-nio-8080"]
09:34:06.304 [restartedMain] INFO  o.a.t.u.n.NioSelectorPool - [log,173] - Using a shared selector for servlet write/read
09:34:06.304 [restartedMain] INFO  o.s.b.w.e.t.TomcatWebServer - [start,204] - Tomcat started on port(s): 8080 (http) with context path '/order'
09:34:06.304 [restartedMain] INFO  c.t.o.OrderApplication - [logStarted,59] - Started OrderApplication in 10.717 seconds (JVM running for 1075.472)
09:34:07.583 [Thread-547] INFO  o.s.s.c.ThreadPoolTaskExecutor - [shutdown,208] - Shutting down ExecutorService 'applicationTaskExecutor'
09:34:19.351 [restartedMain] INFO  c.t.o.OrderApplication - [logStarting,50] - Starting OrderApplication on 8EL23LLFZAW1R87 with PID 5824 (E:\develop\idea_workspace\order\target\classes started by Administrator in E:\develop\idea_workspace\order)
09:34:19.351 [restartedMain] INFO  c.t.o.OrderApplication - [logStartupProfileInfo,675] - No active profile set, falling back to default profiles: default
09:34:19.445 [restartedMain] INFO  o.s.b.d.e.DevToolsPropertyDefaultsPostProcessor - [logTo,227] - Devtools property defaults active! Set 'spring.devtools.add-properties' to 'false' to disable
09:34:19.445 [restartedMain] INFO  o.s.b.d.e.DevToolsPropertyDefaultsPostProcessor - [logTo,227] - For additional web related logging consider setting the 'logging.level.web' property to 'DEBUG'
09:34:21.070 [restartedMain] INFO  o.s.d.r.c.RepositoryConfigurationDelegate - [multipleStoresDetected,244] - Multiple Spring Data modules found, entering strict repository configuration mode!
09:34:21.070 [restartedMain] INFO  o.s.d.r.c.RepositoryConfigurationDelegate - [registerRepositoriesIn,126] - Bootstrapping Spring Data repositories in DEFAULT mode.
09:34:21.101 [restartedMain] INFO  o.s.d.r.c.RepositoryConfigurationDelegate - [registerRepositoriesIn,182] - Finished Spring Data repository scanning in 16ms. Found 0 repository interfaces.
09:34:21.132 [restartedMain] INFO  o.s.d.r.c.RepositoryConfigurationDelegate - [multipleStoresDetected,244] - Multiple Spring Data modules found, entering strict repository configuration mode!
09:34:21.132 [restartedMain] INFO  o.s.d.r.c.RepositoryConfigurationDelegate - [registerRepositoriesIn,126] - Bootstrapping Spring Data repositories in DEFAULT mode.
09:34:21.148 [restartedMain] INFO  o.s.d.r.c.RepositoryConfigurationDelegate - [registerRepositoriesIn,182] - Finished Spring Data repository scanning in 16ms. Found 0 repository interfaces.
09:34:21.710 [restartedMain] INFO  o.s.c.s.PostProcessorRegistrationDelegate$BeanPostProcessorChecker - [postProcessAfterInitialization,330] - Bean 'org.springframework.kafka.annotation.KafkaBootstrapConfiguration' of type [org.springframework.kafka.annotation.KafkaBootstrapConfiguration$$EnhancerBySpringCGLIB$$a4127208] is not eligible for getting processed by all BeanPostProcessors (for example: not eligible for auto-proxying)
09:34:22.054 [restartedMain] INFO  o.s.c.s.PostProcessorRegistrationDelegate$BeanPostProcessorChecker - [postProcessAfterInitialization,330] - Bean 'org.springframework.transaction.annotation.ProxyTransactionManagementConfiguration' of type [org.springframework.transaction.annotation.ProxyTransactionManagementConfiguration$$EnhancerBySpringCGLIB$$d0606085] is not eligible for getting processed by all BeanPostProcessors (for example: not eligible for auto-proxying)
09:34:23.241 [restartedMain] INFO  o.s.b.w.e.t.TomcatWebServer - [initialize,90] - Tomcat initialized with port(s): 8080 (http)
09:34:23.257 [restartedMain] INFO  o.a.c.h.Http11NioProtocol - [log,173] - Initializing ProtocolHandler ["http-nio-8080"]
09:34:23.273 [restartedMain] INFO  o.a.c.c.StandardService - [log,173] - Starting service [Tomcat]
09:34:23.273 [restartedMain] INFO  o.a.c.c.StandardEngine - [log,173] - Starting Servlet Engine: Apache Tomcat/9.0.12
09:34:23.273 [restartedMain] INFO  o.a.c.c.AprLifecycleListener - [log,173] - The APR based Apache Tomcat Native library which allows optimal performance in production environments was not found on the java.library.path: [C:\Program Files\Java\jdk1.8.0_201\bin;C:\Windows\Sun\Java\bin;C:\Windows\system32;C:\Windows;C:\Program Files (x86)\Common Files\Oracle\Java\javapath;C:\Windows\system32;C:\Windows;C:\Windows\System32\Wbem;C:\Windows\System32\WindowsPowerShell\v1.0\;C:\Windows\System32\OpenSSH\;C:\Program Files (x86)\NVIDIA Corporation\PhysX\Common;C:\Program Files\Java\jdk1.8.0_201\bin;E:\Program Files\Git\cmd;E:\Program Files\TortoiseGit\bin;C:\Users\Administrator\AppData\Local\Microsoft\WindowsApps;;.]
09:34:23.413 [restartedMain] INFO  o.a.c.c.C.[.[.[/order] - [log,173] - Initializing Spring embedded WebApplicationContext
09:34:23.413 [restartedMain] INFO  o.s.w.c.ContextLoader - [prepareWebApplicationContext,285] - Root WebApplicationContext: initialization completed in 3968 ms
09:34:23.538 [restartedMain] INFO  o.s.b.w.s.ServletRegistrationBean - [addRegistration,186] - Servlet dispatcherServlet mapped to [*.action, /configuration/ui, /swagger-resources, /v2/api-docs, /configuration/security]
09:34:23.538 [restartedMain] INFO  o.s.b.w.s.ServletRegistrationBean - [addRegistration,186] - Servlet dispatcherServlet mapped to [/]
09:34:23.538 [restartedMain] INFO  o.s.b.w.s.RegistrationBean - [register,111] - Servlet dispatcherServlet was not registered (possibly already registered?)
09:34:23.538 [restartedMain] INFO  o.s.b.w.s.FilterRegistrationBean - [configure,248] - Mapping filter: 'characterEncodingFilter' to: [/*]
09:34:23.554 [restartedMain] INFO  o.s.b.w.s.FilterRegistrationBean - [configure,248] - Mapping filter: 'hiddenHttpMethodFilter' to: [/*]
09:34:23.554 [restartedMain] INFO  o.s.b.w.s.FilterRegistrationBean - [configure,248] - Mapping filter: 'formContentFilter' to: [/*]
09:34:23.554 [restartedMain] INFO  o.s.b.w.s.FilterRegistrationBean - [configure,248] - Mapping filter: 'requestContextFilter' to: [/*]
09:34:27.819 [restartedMain] INFO  o.s.s.c.ThreadPoolTaskExecutor - [initialize,171] - Initializing ExecutorService 'applicationTaskExecutor'
09:34:28.054 [restartedMain] INFO  o.s.b.d.a.OptionalLiveReloadServer - [startServer,57] - LiveReload server is running on port 35729
09:34:30.475 [restartedMain] INFO  s.d.s.w.p.DocumentationPluginsBootstrapper - [onApplicationEvent,84] - Context refreshed
09:34:30.491 [restartedMain] INFO  s.d.s.w.p.DocumentationPluginsBootstrapper - [onApplicationEvent,87] - Found 1 custom documentation plugin(s)
09:34:30.507 [restartedMain] INFO  s.d.s.w.s.ApiListingReferenceScanner - [scan,44] - Scanning for api listing references
09:34:30.710 [restartedMain] INFO  s.d.s.w.r.o.CachingOperationNameGenerator - [startingWith,40] - Generating unique operation named: loginUsingGET_1
09:34:30.725 [restartedMain] INFO  o.a.c.h.Http11NioProtocol - [log,173] - Starting ProtocolHandler ["http-nio-8080"]
09:34:30.741 [restartedMain] INFO  o.a.t.u.n.NioSelectorPool - [log,173] - Using a shared selector for servlet write/read
09:34:30.772 [restartedMain] INFO  o.s.b.w.e.t.TomcatWebServer - [start,204] - Tomcat started on port(s): 8080 (http) with context path '/order'
09:34:30.772 [restartedMain] INFO  c.t.o.OrderApplication - [logStarted,59] - Started OrderApplication in 12.015 seconds (JVM running for 15.775)
09:35:18.779 [restartedMain] INFO  c.t.o.OrderApplication - [logStarting,50] - Starting OrderApplication on 8EL23LLFZAW1R87 with PID 224 (E:\develop\idea_workspace\order\target\classes started by Administrator in E:\develop\idea_workspace\order)
09:35:18.779 [restartedMain] INFO  c.t.o.OrderApplication - [logStartupProfileInfo,675] - No active profile set, falling back to default profiles: default
09:35:18.966 [restartedMain] INFO  o.s.b.d.e.DevToolsPropertyDefaultsPostProcessor - [logTo,227] - Devtools property defaults active! Set 'spring.devtools.add-properties' to 'false' to disable
09:35:18.966 [restartedMain] INFO  o.s.b.d.e.DevToolsPropertyDefaultsPostProcessor - [logTo,227] - For additional web related logging consider setting the 'logging.level.web' property to 'DEBUG'
09:35:21.440 [restartedMain] INFO  o.s.d.r.c.RepositoryConfigurationDelegate - [multipleStoresDetected,244] - Multiple Spring Data modules found, entering strict repository configuration mode!
09:35:21.472 [restartedMain] INFO  o.s.d.r.c.RepositoryConfigurationDelegate - [registerRepositoriesIn,126] - Bootstrapping Spring Data repositories in DEFAULT mode.
09:35:21.565 [restartedMain] INFO  o.s.d.r.c.RepositoryConfigurationDelegate - [registerRepositoriesIn,182] - Finished Spring Data repository scanning in 46ms. Found 0 repository interfaces.
09:35:21.597 [restartedMain] INFO  o.s.d.r.c.RepositoryConfigurationDelegate - [multipleStoresDetected,244] - Multiple Spring Data modules found, entering strict repository configuration mode!
09:35:21.612 [restartedMain] INFO  o.s.d.r.c.RepositoryConfigurationDelegate - [registerRepositoriesIn,126] - Bootstrapping Spring Data repositories in DEFAULT mode.
09:35:21.644 [restartedMain] INFO  o.s.d.r.c.RepositoryConfigurationDelegate - [registerRepositoriesIn,182] - Finished Spring Data repository scanning in 16ms. Found 0 repository interfaces.
09:35:22.692 [restartedMain] INFO  o.s.c.s.PostProcessorRegistrationDelegate$BeanPostProcessorChecker - [postProcessAfterInitialization,330] - Bean 'org.springframework.kafka.annotation.KafkaBootstrapConfiguration' of type [org.springframework.kafka.annotation.KafkaBootstrapConfiguration$$EnhancerBySpringCGLIB$$453c9da0] is not eligible for getting processed by all BeanPostProcessors (for example: not eligible for auto-proxying)
09:35:23.142 [restartedMain] INFO  o.s.c.s.PostProcessorRegistrationDelegate$BeanPostProcessorChecker - [postProcessAfterInitialization,330] - Bean 'org.springframework.transaction.annotation.ProxyTransactionManagementConfiguration' of type [org.springframework.transaction.annotation.ProxyTransactionManagementConfiguration$$EnhancerBySpringCGLIB$$718a8c1d] is not eligible for getting processed by all BeanPostProcessors (for example: not eligible for auto-proxying)
09:35:24.390 [restartedMain] INFO  o.s.b.w.e.t.TomcatWebServer - [initialize,90] - Tomcat initialized with port(s): 8080 (http)
09:35:24.405 [restartedMain] INFO  o.a.c.h.Http11NioProtocol - [log,173] - Initializing ProtocolHandler ["http-nio-8080"]
09:35:24.421 [restartedMain] INFO  o.a.c.c.StandardService - [log,173] - Starting service [Tomcat]
09:35:24.421 [restartedMain] INFO  o.a.c.c.StandardEngine - [log,173] - Starting Servlet Engine: Apache Tomcat/9.0.12
09:35:24.437 [restartedMain] INFO  o.a.c.c.AprLifecycleListener - [log,173] - The APR based Apache Tomcat Native library which allows optimal performance in production environments was not found on the java.library.path: [C:\Program Files\Java\jdk1.8.0_201\bin;C:\Windows\Sun\Java\bin;C:\Windows\system32;C:\Windows;C:\Program Files (x86)\Common Files\Oracle\Java\javapath;C:\Windows\system32;C:\Windows;C:\Windows\System32\Wbem;C:\Windows\System32\WindowsPowerShell\v1.0\;C:\Windows\System32\OpenSSH\;C:\Program Files (x86)\NVIDIA Corporation\PhysX\Common;C:\Program Files\Java\jdk1.8.0_201\bin;E:\Program Files\Git\cmd;E:\Program Files\TortoiseGit\bin;C:\Users\Administrator\AppData\Local\Microsoft\WindowsApps;;.]
09:35:24.577 [restartedMain] INFO  o.a.c.c.C.[.[.[/order] - [log,173] - Initializing Spring embedded WebApplicationContext
09:35:24.577 [restartedMain] INFO  o.s.w.c.ContextLoader - [prepareWebApplicationContext,285] - Root WebApplicationContext: initialization completed in 5611 ms
09:35:24.702 [restartedMain] INFO  o.s.b.w.s.ServletRegistrationBean - [addRegistration,186] - Servlet dispatcherServlet mapped to [*.action, /configuration/ui, /swagger-resources, /v2/api-docs, /configuration/security]
09:35:24.702 [restartedMain] INFO  o.s.b.w.s.ServletRegistrationBean - [addRegistration,186] - Servlet dispatcherServlet mapped to [/]
09:35:24.702 [restartedMain] INFO  o.s.b.w.s.RegistrationBean - [register,111] - Servlet dispatcherServlet was not registered (possibly already registered?)
09:35:24.718 [restartedMain] INFO  o.s.b.w.s.FilterRegistrationBean - [configure,248] - Mapping filter: 'characterEncodingFilter' to: [/*]
09:35:24.718 [restartedMain] INFO  o.s.b.w.s.FilterRegistrationBean - [configure,248] - Mapping filter: 'hiddenHttpMethodFilter' to: [/*]
09:35:24.718 [restartedMain] INFO  o.s.b.w.s.FilterRegistrationBean - [configure,248] - Mapping filter: 'formContentFilter' to: [/*]
09:35:24.718 [restartedMain] INFO  o.s.b.w.s.FilterRegistrationBean - [configure,248] - Mapping filter: 'requestContextFilter' to: [/*]
09:35:28.636 [restartedMain] INFO  o.s.s.c.ThreadPoolTaskExecutor - [initialize,171] - Initializing ExecutorService 'applicationTaskExecutor'
09:35:28.855 [restartedMain] INFO  o.s.b.d.a.OptionalLiveReloadServer - [startServer,57] - LiveReload server is running on port 35729
09:35:31.071 [restartedMain] INFO  s.d.s.w.p.DocumentationPluginsBootstrapper - [onApplicationEvent,84] - Context refreshed
09:35:31.102 [restartedMain] INFO  s.d.s.w.p.DocumentationPluginsBootstrapper - [onApplicationEvent,87] - Found 1 custom documentation plugin(s)
09:35:31.118 [restartedMain] INFO  s.d.s.w.s.ApiListingReferenceScanner - [scan,44] - Scanning for api listing references
09:35:31.321 [restartedMain] INFO  s.d.s.w.r.o.CachingOperationNameGenerator - [startingWith,40] - Generating unique operation named: loginUsingGET_1
09:35:31.337 [restartedMain] INFO  o.a.c.h.Http11NioProtocol - [log,173] - Starting ProtocolHandler ["http-nio-8080"]
09:35:31.352 [restartedMain] INFO  o.a.t.u.n.NioSelectorPool - [log,173] - Using a shared selector for servlet write/read
09:35:31.383 [restartedMain] INFO  o.s.b.w.e.t.TomcatWebServer - [start,204] - Tomcat started on port(s): 8080 (http) with context path '/order'
09:35:31.383 [restartedMain] INFO  c.t.o.OrderApplication - [logStarted,59] - Started OrderApplication in 13.948 seconds (JVM running for 16.439)
09:36:46.292 [http-nio-8080-exec-2] INFO  o.a.t.u.h.p.Cookie - [log,173] - A cookie header was received [1554694546; Hm_lvt_3767979e7494107d90440379bed07921=1554285408,1554694546] that contained an invalid cookie. That cookie will be ignored.Note: further occurrences of this error will be logged at DEBUG level.
09:55:29.215 [restartedMain] INFO  c.t.o.OrderApplication - [logStarting,50] - Starting OrderApplication on 8EL23LLFZAW1R87 with PID 10292 (E:\develop\idea_workspace\order\target\classes started by Administrator in E:\develop\idea_workspace\order)
09:55:29.226 [restartedMain] INFO  c.t.o.OrderApplication - [logStartupProfileInfo,675] - No active profile set, falling back to default profiles: default
09:55:29.430 [restartedMain] INFO  o.s.b.d.e.DevToolsPropertyDefaultsPostProcessor - [logTo,227] - Devtools property defaults active! Set 'spring.devtools.add-properties' to 'false' to disable
09:55:29.430 [restartedMain] INFO  o.s.b.d.e.DevToolsPropertyDefaultsPostProcessor - [logTo,227] - For additional web related logging consider setting the 'logging.level.web' property to 'DEBUG'
09:55:31.466 [restartedMain] INFO  o.s.d.r.c.RepositoryConfigurationDelegate - [multipleStoresDetected,244] - Multiple Spring Data modules found, entering strict repository configuration mode!
09:55:31.467 [restartedMain] INFO  o.s.d.r.c.RepositoryConfigurationDelegate - [registerRepositoriesIn,126] - Bootstrapping Spring Data repositories in DEFAULT mode.
09:55:31.513 [restartedMain] INFO  o.s.d.r.c.RepositoryConfigurationDelegate - [registerRepositoriesIn,182] - Finished Spring Data repository scanning in 27ms. Found 0 repository interfaces.
09:55:31.542 [restartedMain] INFO  o.s.d.r.c.RepositoryConfigurationDelegate - [multipleStoresDetected,244] - Multiple Spring Data modules found, entering strict repository configuration mode!
09:55:31.543 [restartedMain] INFO  o.s.d.r.c.RepositoryConfigurationDelegate - [registerRepositoriesIn,126] - Bootstrapping Spring Data repositories in DEFAULT mode.
09:55:31.571 [restartedMain] INFO  o.s.d.r.c.RepositoryConfigurationDelegate - [registerRepositoriesIn,182] - Finished Spring Data repository scanning in 11ms. Found 0 repository interfaces.
09:55:32.202 [restartedMain] INFO  o.s.c.s.PostProcessorRegistrationDelegate$BeanPostProcessorChecker - [postProcessAfterInitialization,330] - Bean 'org.springframework.kafka.annotation.KafkaBootstrapConfiguration' of type [org.springframework.kafka.annotation.KafkaBootstrapConfiguration$$EnhancerBySpringCGLIB$$eebb1024] is not eligible for getting processed by all BeanPostProcessors (for example: not eligible for auto-proxying)
09:55:32.570 [restartedMain] INFO  o.s.c.s.PostProcessorRegistrationDelegate$BeanPostProcessorChecker - [postProcessAfterInitialization,330] - Bean 'org.springframework.transaction.annotation.ProxyTransactionManagementConfiguration' of type [org.springframework.transaction.annotation.ProxyTransactionManagementConfiguration$$EnhancerBySpringCGLIB$$1b08fea1] is not eligible for getting processed by all BeanPostProcessors (for example: not eligible for auto-proxying)
09:55:33.783 [restartedMain] INFO  o.s.b.w.e.t.TomcatWebServer - [initialize,90] - Tomcat initialized with port(s): 8080 (http)
09:55:33.805 [restartedMain] INFO  o.a.c.h.Http11NioProtocol - [log,173] - Initializing ProtocolHandler ["http-nio-8080"]
09:55:33.812 [restartedMain] INFO  o.a.c.c.StandardService - [log,173] - Starting service [Tomcat]
09:55:33.813 [restartedMain] INFO  o.a.c.c.StandardEngine - [log,173] - Starting Servlet Engine: Apache Tomcat/9.0.12
09:55:33.822 [restartedMain] INFO  o.a.c.c.AprLifecycleListener - [log,173] - The APR based Apache Tomcat Native library which allows optimal performance in production environments was not found on the java.library.path: [C:\Program Files\Java\jdk1.8.0_201\bin;C:\Windows\Sun\Java\bin;C:\Windows\system32;C:\Windows;C:\Program Files (x86)\Common Files\Oracle\Java\javapath;C:\Windows\system32;C:\Windows;C:\Windows\System32\Wbem;C:\Windows\System32\WindowsPowerShell\v1.0\;C:\Windows\System32\OpenSSH\;C:\Program Files (x86)\NVIDIA Corporation\PhysX\Common;C:\Program Files\Java\jdk1.8.0_201\bin;E:\Program Files\Git\cmd;E:\Program Files\TortoiseGit\bin;C:\Users\Administrator\AppData\Local\Microsoft\WindowsApps;;.]
09:55:33.976 [restartedMain] INFO  o.a.c.c.C.[.[.[/order] - [log,173] - Initializing Spring embedded WebApplicationContext
09:55:33.977 [restartedMain] INFO  o.s.w.c.ContextLoader - [prepareWebApplicationContext,285] - Root WebApplicationContext: initialization completed in 4546 ms
09:55:34.110 [restartedMain] INFO  o.s.b.w.s.ServletRegistrationBean - [addRegistration,186] - Servlet dispatcherServlet mapped to [*.action, /configuration/ui, /swagger-resources, /v2/api-docs, /configuration/security]
09:55:34.111 [restartedMain] INFO  o.s.b.w.s.ServletRegistrationBean - [addRegistration,186] - Servlet dispatcherServlet mapped to [/]
09:55:34.112 [restartedMain] INFO  o.s.b.w.s.RegistrationBean - [register,111] - Servlet dispatcherServlet was not registered (possibly already registered?)
09:55:34.118 [restartedMain] INFO  o.s.b.w.s.FilterRegistrationBean - [configure,248] - Mapping filter: 'characterEncodingFilter' to: [/*]
09:55:34.119 [restartedMain] INFO  o.s.b.w.s.FilterRegistrationBean - [configure,248] - Mapping filter: 'hiddenHttpMethodFilter' to: [/*]
09:55:34.119 [restartedMain] INFO  o.s.b.w.s.FilterRegistrationBean - [configure,248] - Mapping filter: 'formContentFilter' to: [/*]
09:55:34.119 [restartedMain] INFO  o.s.b.w.s.FilterRegistrationBean - [configure,248] - Mapping filter: 'requestContextFilter' to: [/*]
09:55:38.037 [restartedMain] INFO  o.s.s.c.ThreadPoolTaskExecutor - [initialize,171] - Initializing ExecutorService 'applicationTaskExecutor'
09:55:38.263 [restartedMain] INFO  o.s.b.d.a.OptionalLiveReloadServer - [startServer,57] - LiveReload server is running on port 35729
09:55:40.860 [restartedMain] INFO  s.d.s.w.p.DocumentationPluginsBootstrapper - [onApplicationEvent,84] - Context refreshed
09:55:40.889 [restartedMain] INFO  s.d.s.w.p.DocumentationPluginsBootstrapper - [onApplicationEvent,87] - Found 1 custom documentation plugin(s)
09:55:40.904 [restartedMain] INFO  s.d.s.w.s.ApiListingReferenceScanner - [scan,44] - Scanning for api listing references
09:55:41.124 [restartedMain] INFO  s.d.s.w.r.o.CachingOperationNameGenerator - [startingWith,40] - Generating unique operation named: loginUsingGET_1
09:55:41.145 [restartedMain] INFO  o.a.c.h.Http11NioProtocol - [log,173] - Starting ProtocolHandler ["http-nio-8080"]
09:55:41.161 [restartedMain] INFO  o.a.t.u.n.NioSelectorPool - [log,173] - Using a shared selector for servlet write/read
09:55:41.192 [restartedMain] INFO  o.s.b.w.e.t.TomcatWebServer - [start,204] - Tomcat started on port(s): 8080 (http) with context path '/order'
09:55:41.199 [restartedMain] INFO  c.t.o.OrderApplication - [logStarted,59] - Started OrderApplication in 12.934 seconds (JVM running for 15.55)
10:01:12.931 [restartedMain] INFO  c.t.o.OrderApplication - [logStarting,50] - Starting OrderApplication on 8EL23LLFZAW1R87 with PID 10720 (E:\develop\idea_workspace\order\target\classes started by Administrator in E:\develop\idea_workspace\order)
10:01:12.941 [restartedMain] INFO  c.t.o.OrderApplication - [logStartupProfileInfo,675] - No active profile set, falling back to default profiles: default
10:01:13.200 [restartedMain] INFO  o.s.b.d.e.DevToolsPropertyDefaultsPostProcessor - [logTo,227] - Devtools property defaults active! Set 'spring.devtools.add-properties' to 'false' to disable
10:01:13.200 [restartedMain] INFO  o.s.b.d.e.DevToolsPropertyDefaultsPostProcessor - [logTo,227] - For additional web related logging consider setting the 'logging.level.web' property to 'DEBUG'
10:01:15.443 [restartedMain] INFO  o.s.d.r.c.RepositoryConfigurationDelegate - [multipleStoresDetected,244] - Multiple Spring Data modules found, entering strict repository configuration mode!
10:01:15.444 [restartedMain] INFO  o.s.d.r.c.RepositoryConfigurationDelegate - [registerRepositoriesIn,126] - Bootstrapping Spring Data repositories in DEFAULT mode.
10:01:15.510 [restartedMain] INFO  o.s.d.r.c.RepositoryConfigurationDelegate - [registerRepositoriesIn,182] - Finished Spring Data repository scanning in 37ms. Found 0 repository interfaces.
10:01:15.534 [restartedMain] INFO  o.s.d.r.c.RepositoryConfigurationDelegate - [multipleStoresDetected,244] - Multiple Spring Data modules found, entering strict repository configuration mode!
10:01:15.536 [restartedMain] INFO  o.s.d.r.c.RepositoryConfigurationDelegate - [registerRepositoriesIn,126] - Bootstrapping Spring Data repositories in DEFAULT mode.
10:01:15.579 [restartedMain] INFO  o.s.d.r.c.RepositoryConfigurationDelegate - [registerRepositoriesIn,182] - Finished Spring Data repository scanning in 25ms. Found 0 repository interfaces.
10:01:16.613 [restartedMain] INFO  o.s.c.s.PostProcessorRegistrationDelegate$BeanPostProcessorChecker - [postProcessAfterInitialization,330] - Bean 'org.springframework.kafka.annotation.KafkaBootstrapConfiguration' of type [org.springframework.kafka.annotation.KafkaBootstrapConfiguration$$EnhancerBySpringCGLIB$$1a595b9e] is not eligible for getting processed by all BeanPostProcessors (for example: not eligible for auto-proxying)
10:01:17.076 [restartedMain] INFO  o.s.c.s.PostProcessorRegistrationDelegate$BeanPostProcessorChecker - [postProcessAfterInitialization,330] - Bean 'org.springframework.transaction.annotation.ProxyTransactionManagementConfiguration' of type [org.springframework.transaction.annotation.ProxyTransactionManagementConfiguration$$EnhancerBySpringCGLIB$$46a74a1b] is not eligible for getting processed by all BeanPostProcessors (for example: not eligible for auto-proxying)
10:01:18.195 [restartedMain] INFO  o.s.b.w.e.t.TomcatWebServer - [initialize,90] - Tomcat initialized with port(s): 8080 (http)
10:01:18.213 [restartedMain] INFO  o.a.c.h.Http11NioProtocol - [log,173] - Initializing ProtocolHandler ["http-nio-8080"]
10:01:18.220 [restartedMain] INFO  o.a.c.c.StandardService - [log,173] - Starting service [Tomcat]
10:01:18.221 [restartedMain] INFO  o.a.c.c.StandardEngine - [log,173] - Starting Servlet Engine: Apache Tomcat/9.0.12
10:01:18.230 [restartedMain] INFO  o.a.c.c.AprLifecycleListener - [log,173] - The APR based Apache Tomcat Native library which allows optimal performance in production environments was not found on the java.library.path: [C:\Program Files\Java\jdk1.8.0_201\bin;C:\Windows\Sun\Java\bin;C:\Windows\system32;C:\Windows;C:\Program Files (x86)\Common Files\Oracle\Java\javapath;C:\Windows\system32;C:\Windows;C:\Windows\System32\Wbem;C:\Windows\System32\WindowsPowerShell\v1.0\;C:\Windows\System32\OpenSSH\;C:\Program Files (x86)\NVIDIA Corporation\PhysX\Common;C:\Program Files\Java\jdk1.8.0_201\bin;E:\Program Files\Git\cmd;E:\Program Files\TortoiseGit\bin;C:\Users\Administrator\AppData\Local\Microsoft\WindowsApps;;.]
10:01:18.376 [restartedMain] INFO  o.a.c.c.C.[.[.[/order] - [log,173] - Initializing Spring embedded WebApplicationContext
10:01:18.376 [restartedMain] INFO  o.s.w.c.ContextLoader - [prepareWebApplicationContext,285] - Root WebApplicationContext: initialization completed in 5175 ms
10:01:18.504 [restartedMain] INFO  o.s.b.w.s.ServletRegistrationBean - [addRegistration,186] - Servlet dispatcherServlet mapped to [*.action, /configuration/ui, /swagger-resources, /v2/api-docs, /configuration/security]
10:01:18.506 [restartedMain] INFO  o.s.b.w.s.ServletRegistrationBean - [addRegistration,186] - Servlet dispatcherServlet mapped to [/]
10:01:18.506 [restartedMain] INFO  o.s.b.w.s.RegistrationBean - [register,111] - Servlet dispatcherServlet was not registered (possibly already registered?)
10:01:18.513 [restartedMain] INFO  o.s.b.w.s.FilterRegistrationBean - [configure,248] - Mapping filter: 'characterEncodingFilter' to: [/*]
10:01:18.514 [restartedMain] INFO  o.s.b.w.s.FilterRegistrationBean - [configure,248] - Mapping filter: 'hiddenHttpMethodFilter' to: [/*]
10:01:18.514 [restartedMain] INFO  o.s.b.w.s.FilterRegistrationBean - [configure,248] - Mapping filter: 'formContentFilter' to: [/*]
10:01:18.514 [restartedMain] INFO  o.s.b.w.s.FilterRegistrationBean - [configure,248] - Mapping filter: 'requestContextFilter' to: [/*]
10:01:22.349 [restartedMain] INFO  o.s.s.c.ThreadPoolTaskExecutor - [initialize,171] - Initializing ExecutorService 'applicationTaskExecutor'
10:01:22.647 [restartedMain] INFO  o.s.b.d.a.OptionalLiveReloadServer - [startServer,57] - LiveReload server is running on port 35729
10:01:24.825 [restartedMain] INFO  s.d.s.w.p.DocumentationPluginsBootstrapper - [onApplicationEvent,84] - Context refreshed
10:01:24.846 [restartedMain] INFO  s.d.s.w.p.DocumentationPluginsBootstrapper - [onApplicationEvent,87] - Found 1 custom documentation plugin(s)
10:01:24.860 [restartedMain] INFO  s.d.s.w.s.ApiListingReferenceScanner - [scan,44] - Scanning for api listing references
10:01:25.052 [restartedMain] INFO  s.d.s.w.r.o.CachingOperationNameGenerator - [startingWith,40] - Generating unique operation named: loginUsingGET_1
10:01:25.073 [restartedMain] INFO  o.a.c.h.Http11NioProtocol - [log,173] - Starting ProtocolHandler ["http-nio-8080"]
10:01:25.090 [restartedMain] INFO  o.a.t.u.n.NioSelectorPool - [log,173] - Using a shared selector for servlet write/read
10:01:25.115 [restartedMain] INFO  o.s.b.w.e.t.TomcatWebServer - [start,204] - Tomcat started on port(s): 8080 (http) with context path '/order'
10:01:25.119 [restartedMain] INFO  c.t.o.OrderApplication - [logStarted,59] - Started OrderApplication in 13.432 seconds (JVM running for 15.7)
11:20:40.311 [http-nio-8080-exec-7] INFO  o.a.t.u.h.p.Cookie - [log,173] - A cookie header was received [1554694546; Hm_lvt_3767979e7494107d90440379bed07921=1554285408,1554694546] that contained an invalid cookie. That cookie will be ignored.Note: further occurrences of this error will be logged at DEBUG level.
11:24:23.773 [Thread-27] INFO  o.s.s.c.ThreadPoolTaskExecutor - [shutdown,208] - Shutting down ExecutorService 'applicationTaskExecutor'
11:24:24.539 [restartedMain] INFO  c.t.o.OrderApplication - [logStarting,50] - Starting OrderApplication on 8EL23LLFZAW1R87 with PID 10720 (E:\develop\idea_workspace\order\target\classes started by Administrator in E:\develop\idea_workspace\order)
11:24:24.539 [restartedMain] INFO  c.t.o.OrderApplication - [logStartupProfileInfo,675] - No active profile set, falling back to default profiles: default
11:24:25.601 [restartedMain] INFO  o.s.d.r.c.RepositoryConfigurationDelegate - [multipleStoresDetected,244] - Multiple Spring Data modules found, entering strict repository configuration mode!
11:24:25.601 [restartedMain] INFO  o.s.d.r.c.RepositoryConfigurationDelegate - [registerRepositoriesIn,126] - Bootstrapping Spring Data repositories in DEFAULT mode.
11:24:25.617 [restartedMain] INFO  o.s.d.r.c.RepositoryConfigurationDelegate - [registerRepositoriesIn,182] - Finished Spring Data repository scanning in 16ms. Found 0 repository interfaces.
11:24:25.632 [restartedMain] INFO  o.s.d.r.c.RepositoryConfigurationDelegate - [multipleStoresDetected,244] - Multiple Spring Data modules found, entering strict repository configuration mode!
11:24:25.632 [restartedMain] INFO  o.s.d.r.c.RepositoryConfigurationDelegate - [registerRepositoriesIn,126] - Bootstrapping Spring Data repositories in DEFAULT mode.
11:24:25.632 [restartedMain] INFO  o.s.d.r.c.RepositoryConfigurationDelegate - [registerRepositoriesIn,182] - Finished Spring Data repository scanning in 0ms. Found 0 repository interfaces.
11:24:25.804 [restartedMain] INFO  o.s.c.s.PostProcessorRegistrationDelegate$BeanPostProcessorChecker - [postProcessAfterInitialization,330] - Bean 'org.springframework.kafka.annotation.KafkaBootstrapConfiguration' of type [org.springframework.kafka.annotation.KafkaBootstrapConfiguration$$EnhancerBySpringCGLIB$$1a595b9e] is not eligible for getting processed by all BeanPostProcessors (for example: not eligible for auto-proxying)
11:24:25.898 [restartedMain] INFO  o.s.c.s.PostProcessorRegistrationDelegate$BeanPostProcessorChecker - [postProcessAfterInitialization,330] - Bean 'org.springframework.transaction.annotation.ProxyTransactionManagementConfiguration' of type [org.springframework.transaction.annotation.ProxyTransactionManagementConfiguration$$EnhancerBySpringCGLIB$$46a74a1b] is not eligible for getting processed by all BeanPostProcessors (for example: not eligible for auto-proxying)
11:24:26.726 [restartedMain] INFO  o.s.b.w.e.t.TomcatWebServer - [initialize,90] - Tomcat initialized with port(s): 8080 (http)
11:24:26.726 [restartedMain] INFO  o.a.c.h.Http11NioProtocol - [log,173] - Initializing ProtocolHandler ["http-nio-8080"]
11:24:26.726 [restartedMain] INFO  o.a.c.c.StandardService - [log,173] - Starting service [Tomcat]
11:24:26.726 [restartedMain] INFO  o.a.c.c.StandardEngine - [log,173] - Starting Servlet Engine: Apache Tomcat/9.0.12
11:24:28.132 [restartedMain] INFO  o.a.c.c.C.[.[.[/order] - [log,173] - Initializing Spring embedded WebApplicationContext
11:24:28.132 [restartedMain] INFO  o.s.w.c.ContextLoader - [prepareWebApplicationContext,285] - Root WebApplicationContext: initialization completed in 3593 ms
11:24:28.320 [restartedMain] INFO  o.s.b.w.s.ServletRegistrationBean - [addRegistration,186] - Servlet dispatcherServlet mapped to [*.action, /configuration/ui, /swagger-resources, /v2/api-docs, /configuration/security]
11:24:28.320 [restartedMain] INFO  o.s.b.w.s.ServletRegistrationBean - [addRegistration,186] - Servlet dispatcherServlet mapped to [/]
11:24:28.320 [restartedMain] INFO  o.s.b.w.s.RegistrationBean - [register,111] - Servlet dispatcherServlet was not registered (possibly already registered?)
11:24:28.320 [restartedMain] INFO  o.s.b.w.s.FilterRegistrationBean - [configure,248] - Mapping filter: 'characterEncodingFilter' to: [/*]
11:24:28.320 [restartedMain] INFO  o.s.b.w.s.FilterRegistrationBean - [configure,248] - Mapping filter: 'hiddenHttpMethodFilter' to: [/*]
11:24:28.320 [restartedMain] INFO  o.s.b.w.s.FilterRegistrationBean - [configure,248] - Mapping filter: 'formContentFilter' to: [/*]
11:24:28.320 [restartedMain] INFO  o.s.b.w.s.FilterRegistrationBean - [configure,248] - Mapping filter: 'requestContextFilter' to: [/*]
11:24:32.411 [restartedMain] INFO  o.s.s.c.ThreadPoolTaskExecutor - [initialize,171] - Initializing ExecutorService 'applicationTaskExecutor'
11:24:32.740 [restartedMain] INFO  o.s.b.d.a.OptionalLiveReloadServer - [startServer,57] - LiveReload server is running on port 35729
11:24:34.599 [restartedMain] INFO  s.d.s.w.p.DocumentationPluginsBootstrapper - [onApplicationEvent,84] - Context refreshed
11:24:34.599 [restartedMain] INFO  s.d.s.w.p.DocumentationPluginsBootstrapper - [onApplicationEvent,87] - Found 1 custom documentation plugin(s)
11:24:34.599 [restartedMain] INFO  s.d.s.w.s.ApiListingReferenceScanner - [scan,44] - Scanning for api listing references
11:24:34.646 [restartedMain] INFO  s.d.s.w.r.o.CachingOperationNameGenerator - [startingWith,40] - Generating unique operation named: loginUsingGET_1
11:24:34.646 [restartedMain] INFO  o.a.c.h.Http11NioProtocol - [log,173] - Starting ProtocolHandler ["http-nio-8080"]
11:24:34.646 [restartedMain] INFO  o.a.t.u.n.NioSelectorPool - [log,173] - Using a shared selector for servlet write/read
11:24:34.677 [restartedMain] INFO  o.s.b.w.e.t.TomcatWebServer - [start,204] - Tomcat started on port(s): 8080 (http) with context path '/order'
11:24:34.677 [restartedMain] INFO  c.t.o.OrderApplication - [logStarted,59] - Started OrderApplication in 10.248 seconds (JVM running for 5005.272)
11:24:34.724 [restartedMain] INFO  o.s.b.d.a.ConditionEvaluationDeltaLoggingListener - [onApplicationEvent,56] - Condition evaluation unchanged
11:24:46.654 [restartedMain] INFO  c.t.o.OrderApplication - [logStarting,50] - Starting OrderApplication on 8EL23LLFZAW1R87 with PID 8956 (E:\develop\idea_workspace\order\target\classes started by Administrator in E:\develop\idea_workspace\order)
11:24:46.685 [restartedMain] INFO  c.t.o.OrderApplication - [logStartupProfileInfo,675] - No active profile set, falling back to default profiles: default
11:24:46.873 [restartedMain] INFO  o.s.b.d.e.DevToolsPropertyDefaultsPostProcessor - [logTo,227] - Devtools property defaults active! Set 'spring.devtools.add-properties' to 'false' to disable
11:24:46.873 [restartedMain] INFO  o.s.b.d.e.DevToolsPropertyDefaultsPostProcessor - [logTo,227] - For additional web related logging consider setting the 'logging.level.web' property to 'DEBUG'
11:24:48.996 [restartedMain] INFO  o.s.d.r.c.RepositoryConfigurationDelegate - [multipleStoresDetected,244] - Multiple Spring Data modules found, entering strict repository configuration mode!
11:24:48.996 [restartedMain] INFO  o.s.d.r.c.RepositoryConfigurationDelegate - [registerRepositoriesIn,126] - Bootstrapping Spring Data repositories in DEFAULT mode.
11:24:49.027 [restartedMain] INFO  o.s.d.r.c.RepositoryConfigurationDelegate - [registerRepositoriesIn,182] - Finished Spring Data repository scanning in 15ms. Found 0 repository interfaces.
11:24:49.043 [restartedMain] INFO  o.s.d.r.c.RepositoryConfigurationDelegate - [multipleStoresDetected,244] - Multiple Spring Data modules found, entering strict repository configuration mode!
11:24:49.058 [restartedMain] INFO  o.s.d.r.c.RepositoryConfigurationDelegate - [registerRepositoriesIn,126] - Bootstrapping Spring Data repositories in DEFAULT mode.
11:24:49.074 [restartedMain] INFO  o.s.d.r.c.RepositoryConfigurationDelegate - [registerRepositoriesIn,182] - Finished Spring Data repository scanning in 16ms. Found 0 repository interfaces.
11:24:49.980 [restartedMain] INFO  o.s.c.s.PostProcessorRegistrationDelegate$BeanPostProcessorChecker - [postProcessAfterInitialization,330] - Bean 'org.springframework.kafka.annotation.KafkaBootstrapConfiguration' of type [org.springframework.kafka.annotation.KafkaBootstrapConfiguration$$EnhancerBySpringCGLIB$$95254ef9] is not eligible for getting processed by all BeanPostProcessors (for example: not eligible for auto-proxying)
11:24:50.480 [restartedMain] INFO  o.s.c.s.PostProcessorRegistrationDelegate$BeanPostProcessorChecker - [postProcessAfterInitialization,330] - Bean 'org.springframework.transaction.annotation.ProxyTransactionManagementConfiguration' of type [org.springframework.transaction.annotation.ProxyTransactionManagementConfiguration$$EnhancerBySpringCGLIB$$c1733d76] is not eligible for getting processed by all BeanPostProcessors (for example: not eligible for auto-proxying)
11:24:51.884 [restartedMain] INFO  o.s.b.w.e.t.TomcatWebServer - [initialize,90] - Tomcat initialized with port(s): 8080 (http)
11:24:51.900 [restartedMain] INFO  o.a.c.h.Http11NioProtocol - [log,173] - Initializing ProtocolHandler ["http-nio-8080"]
11:24:51.915 [restartedMain] INFO  o.a.c.c.StandardService - [log,173] - Starting service [Tomcat]
11:24:51.915 [restartedMain] INFO  o.a.c.c.StandardEngine - [log,173] - Starting Servlet Engine: Apache Tomcat/9.0.12
11:24:51.915 [restartedMain] INFO  o.a.c.c.AprLifecycleListener - [log,173] - The APR based Apache Tomcat Native library which allows optimal performance in production environments was not found on the java.library.path: [C:\Program Files\Java\jdk1.8.0_201\bin;C:\Windows\Sun\Java\bin;C:\Windows\system32;C:\Windows;C:\Program Files (x86)\Common Files\Oracle\Java\javapath;C:\Windows\system32;C:\Windows;C:\Windows\System32\Wbem;C:\Windows\System32\WindowsPowerShell\v1.0\;C:\Windows\System32\OpenSSH\;C:\Program Files (x86)\NVIDIA Corporation\PhysX\Common;C:\Program Files\Java\jdk1.8.0_201\bin;E:\Program Files\Git\cmd;E:\Program Files\TortoiseGit\bin;C:\Users\Administrator\AppData\Local\Microsoft\WindowsApps;;.]
11:24:52.056 [restartedMain] INFO  o.a.c.c.C.[.[.[/order] - [log,173] - Initializing Spring embedded WebApplicationContext
11:24:52.056 [restartedMain] INFO  o.s.w.c.ContextLoader - [prepareWebApplicationContext,285] - Root WebApplicationContext: initialization completed in 5183 ms
11:24:52.165 [restartedMain] INFO  o.s.b.w.s.ServletRegistrationBean - [addRegistration,186] - Servlet dispatcherServlet mapped to [*.action, /configuration/ui, /swagger-resources, /v2/api-docs, /configuration/security]
11:24:52.181 [restartedMain] INFO  o.s.b.w.s.ServletRegistrationBean - [addRegistration,186] - Servlet dispatcherServlet mapped to [/]
11:24:52.181 [restartedMain] INFO  o.s.b.w.s.RegistrationBean - [register,111] - Servlet dispatcherServlet was not registered (possibly already registered?)
11:24:52.181 [restartedMain] INFO  o.s.b.w.s.FilterRegistrationBean - [configure,248] - Mapping filter: 'characterEncodingFilter' to: [/*]
11:24:52.181 [restartedMain] INFO  o.s.b.w.s.FilterRegistrationBean - [configure,248] - Mapping filter: 'hiddenHttpMethodFilter' to: [/*]
11:24:52.181 [restartedMain] INFO  o.s.b.w.s.FilterRegistrationBean - [configure,248] - Mapping filter: 'formContentFilter' to: [/*]
11:24:52.181 [restartedMain] INFO  o.s.b.w.s.FilterRegistrationBean - [configure,248] - Mapping filter: 'requestContextFilter' to: [/*]
11:24:55.668 [restartedMain] INFO  o.s.s.c.ThreadPoolTaskExecutor - [initialize,171] - Initializing ExecutorService 'applicationTaskExecutor'
11:24:55.965 [restartedMain] INFO  o.s.b.d.a.OptionalLiveReloadServer - [startServer,57] - LiveReload server is running on port 35729
11:24:57.941 [restartedMain] INFO  s.d.s.w.p.DocumentationPluginsBootstrapper - [onApplicationEvent,84] - Context refreshed
11:24:57.972 [restartedMain] INFO  s.d.s.w.p.DocumentationPluginsBootstrapper - [onApplicationEvent,87] - Found 1 custom documentation plugin(s)
11:24:57.972 [restartedMain] INFO  s.d.s.w.s.ApiListingReferenceScanner - [scan,44] - Scanning for api listing references
11:24:58.223 [restartedMain] INFO  s.d.s.w.r.o.CachingOperationNameGenerator - [startingWith,40] - Generating unique operation named: loginUsingGET_1
11:24:58.238 [restartedMain] INFO  o.a.c.h.Http11NioProtocol - [log,173] - Starting ProtocolHandler ["http-nio-8080"]
11:24:58.254 [restartedMain] INFO  o.a.t.u.n.NioSelectorPool - [log,173] - Using a shared selector for servlet write/read
11:24:58.270 [restartedMain] INFO  o.s.b.w.e.t.TomcatWebServer - [start,204] - Tomcat started on port(s): 8080 (http) with context path '/order'
11:24:58.270 [restartedMain] INFO  c.t.o.OrderApplication - [logStarted,59] - Started OrderApplication in 12.679 seconds (JVM running for 15.064)
11:33:12.303 [restartedMain] INFO  c.t.o.OrderApplication - [logStarting,50] - Starting OrderApplication on 8EL23LLFZAW1R87 with PID 5216 (E:\develop\idea_workspace\order\target\classes started by Administrator in E:\develop\idea_workspace\order)
11:33:12.318 [restartedMain] INFO  c.t.o.OrderApplication - [logStartupProfileInfo,675] - No active profile set, falling back to default profiles: default
11:33:12.396 [restartedMain] INFO  o.s.b.d.e.DevToolsPropertyDefaultsPostProcessor - [logTo,227] - Devtools property defaults active! Set 'spring.devtools.add-properties' to 'false' to disable
11:33:12.396 [restartedMain] INFO  o.s.b.d.e.DevToolsPropertyDefaultsPostProcessor - [logTo,227] - For additional web related logging consider setting the 'logging.level.web' property to 'DEBUG'
11:33:14.304 [restartedMain] INFO  o.s.d.r.c.RepositoryConfigurationDelegate - [multipleStoresDetected,244] - Multiple Spring Data modules found, entering strict repository configuration mode!
11:33:14.304 [restartedMain] INFO  o.s.d.r.c.RepositoryConfigurationDelegate - [registerRepositoriesIn,126] - Bootstrapping Spring Data repositories in DEFAULT mode.
11:33:14.335 [restartedMain] INFO  o.s.d.r.c.RepositoryConfigurationDelegate - [registerRepositoriesIn,182] - Finished Spring Data repository scanning in 15ms. Found 0 repository interfaces.
11:33:14.351 [restartedMain] INFO  o.s.d.r.c.RepositoryConfigurationDelegate - [multipleStoresDetected,244] - Multiple Spring Data modules found, entering strict repository configuration mode!
11:33:14.351 [restartedMain] INFO  o.s.d.r.c.RepositoryConfigurationDelegate - [registerRepositoriesIn,126] - Bootstrapping Spring Data repositories in DEFAULT mode.
11:33:14.367 [restartedMain] INFO  o.s.d.r.c.RepositoryConfigurationDelegate - [registerRepositoriesIn,182] - Finished Spring Data repository scanning in 0ms. Found 0 repository interfaces.
11:33:15.148 [restartedMain] INFO  o.s.c.s.PostProcessorRegistrationDelegate$BeanPostProcessorChecker - [postProcessAfterInitialization,330] - Bean 'org.springframework.kafka.annotation.KafkaBootstrapConfiguration' of type [org.springframework.kafka.annotation.KafkaBootstrapConfiguration$$EnhancerBySpringCGLIB$$be987b70] is not eligible for getting processed by all BeanPostProcessors (for example: not eligible for auto-proxying)
11:33:15.554 [restartedMain] INFO  o.s.c.s.PostProcessorRegistrationDelegate$BeanPostProcessorChecker - [postProcessAfterInitialization,330] - Bean 'org.springframework.transaction.annotation.ProxyTransactionManagementConfiguration' of type [org.springframework.transaction.annotation.ProxyTransactionManagementConfiguration$$EnhancerBySpringCGLIB$$eae669ed] is not eligible for getting processed by all BeanPostProcessors (for example: not eligible for auto-proxying)
11:33:17.156 [restartedMain] INFO  o.s.b.w.e.t.TomcatWebServer - [initialize,90] - Tomcat initialized with port(s): 8080 (http)
11:33:17.187 [restartedMain] INFO  o.a.c.h.Http11NioProtocol - [log,173] - Initializing ProtocolHandler ["http-nio-8080"]
11:33:17.187 [restartedMain] INFO  o.a.c.c.StandardService - [log,173] - Starting service [Tomcat]
11:33:17.187 [restartedMain] INFO  o.a.c.c.StandardEngine - [log,173] - Starting Servlet Engine: Apache Tomcat/9.0.12
11:33:17.203 [restartedMain] INFO  o.a.c.c.AprLifecycleListener - [log,173] - The APR based Apache Tomcat Native library which allows optimal performance in production environments was not found on the java.library.path: [C:\Program Files\Java\jdk1.8.0_201\bin;C:\Windows\Sun\Java\bin;C:\Windows\system32;C:\Windows;C:\Program Files (x86)\Common Files\Oracle\Java\javapath;C:\Windows\system32;C:\Windows;C:\Windows\System32\Wbem;C:\Windows\System32\WindowsPowerShell\v1.0\;C:\Windows\System32\OpenSSH\;C:\Program Files (x86)\NVIDIA Corporation\PhysX\Common;C:\Program Files\Java\jdk1.8.0_201\bin;E:\Program Files\Git\cmd;E:\Program Files\TortoiseGit\bin;C:\Users\Administrator\AppData\Local\Microsoft\WindowsApps;;.]
11:33:17.374 [restartedMain] INFO  o.a.c.c.C.[.[.[/order] - [log,173] - Initializing Spring embedded WebApplicationContext
11:33:17.374 [restartedMain] INFO  o.s.w.c.ContextLoader - [prepareWebApplicationContext,285] - Root WebApplicationContext: initialization completed in 4978 ms
11:33:17.521 [restartedMain] INFO  o.s.b.w.s.ServletRegistrationBean - [addRegistration,186] - Servlet dispatcherServlet mapped to [*.action, /configuration/ui, /swagger-resources, /v2/api-docs, /configuration/security]
11:33:17.521 [restartedMain] INFO  o.s.b.w.s.ServletRegistrationBean - [addRegistration,186] - Servlet dispatcherServlet mapped to [/]
11:33:17.521 [restartedMain] INFO  o.s.b.w.s.RegistrationBean - [register,111] - Servlet dispatcherServlet was not registered (possibly already registered?)
11:33:17.537 [restartedMain] INFO  o.s.b.w.s.FilterRegistrationBean - [configure,248] - Mapping filter: 'characterEncodingFilter' to: [/*]
11:33:17.537 [restartedMain] INFO  o.s.b.w.s.FilterRegistrationBean - [configure,248] - Mapping filter: 'hiddenHttpMethodFilter' to: [/*]
11:33:17.537 [restartedMain] INFO  o.s.b.w.s.FilterRegistrationBean - [configure,248] - Mapping filter: 'formContentFilter' to: [/*]
11:33:17.537 [restartedMain] INFO  o.s.b.w.s.FilterRegistrationBean - [configure,248] - Mapping filter: 'requestContextFilter' to: [/*]
11:33:21.676 [restartedMain] INFO  o.s.s.c.ThreadPoolTaskExecutor - [initialize,171] - Initializing ExecutorService 'applicationTaskExecutor'
11:33:21.942 [restartedMain] INFO  o.s.b.d.a.OptionalLiveReloadServer - [startServer,57] - LiveReload server is running on port 35729
11:33:24.286 [restartedMain] INFO  s.d.s.w.p.DocumentationPluginsBootstrapper - [onApplicationEvent,84] - Context refreshed
11:33:24.317 [restartedMain] INFO  s.d.s.w.p.DocumentationPluginsBootstrapper - [onApplicationEvent,87] - Found 1 custom documentation plugin(s)
11:33:24.333 [restartedMain] INFO  s.d.s.w.s.ApiListingReferenceScanner - [scan,44] - Scanning for api listing references
11:33:24.536 [restartedMain] INFO  s.d.s.w.r.o.CachingOperationNameGenerator - [startingWith,40] - Generating unique operation named: loginUsingGET_1
11:33:24.551 [restartedMain] INFO  o.a.c.h.Http11NioProtocol - [log,173] - Starting ProtocolHandler ["http-nio-8080"]
11:33:24.567 [restartedMain] INFO  o.a.t.u.n.NioSelectorPool - [log,173] - Using a shared selector for servlet write/read
11:33:24.583 [restartedMain] INFO  o.s.b.w.e.t.TomcatWebServer - [start,204] - Tomcat started on port(s): 8080 (http) with context path '/order'
11:33:24.598 [restartedMain] INFO  c.t.o.OrderApplication - [logStarted,59] - Started OrderApplication in 13.045 seconds (JVM running for 18.381)
